Log file open, 11/27/20 09:29:55
LogInit: Display: Running engine for game: OiraAmata
LogPlatformFile: Not using cached read wrapper
LogTaskGraph: Started task graph with 5 named threads and 47 total threads with 3 sets of task threads.
LogStats: Stats thread started at 0.164949
LogD3D11RHI: Loaded GFSDK_Aftermath_Lib.x64.dll
LogICUInternationalization: ICU TimeZone Detection - Raw Offset: +1:00, Platform Override: ''
LogPluginManager: Mounting plugin Paper2D
LogPluginManager: Mounting plugin AISupport
LogPluginManager: Mounting plugin LightPropagationVolume
LogPluginManager: Mounting plugin CameraShakePreviewer
LogPluginManager: Mounting plugin ActorLayerUtilities
LogPluginManager: Mounting plugin AnimationSharing
LogPluginManager: Mounting plugin CLionSourceCodeAccess
LogPluginManager: Mounting plugin CodeLiteSourceCodeAccess
LogPluginManager: Mounting plugin GitSourceControl
LogPluginManager: Mounting plugin KDevelopSourceCodeAccess
LogPluginManager: Mounting plugin NullSourceCodeAccess
LogPluginManager: Mounting plugin PerforceSourceControl
LogPluginManager: Mounting plugin PlasticSourceControl
LogPluginManager: Mounting plugin RiderSourceCodeAccess
LogPluginManager: Mounting plugin SubversionSourceControl
LogPluginManager: Mounting plugin UObjectPlugin
LogPluginManager: Mounting plugin VisualStudioCodeSourceCodeAccess
LogPluginManager: Mounting plugin VisualStudioSourceCodeAccess
LogPluginManager: Mounting plugin XCodeSourceCodeAccess
LogPluginManager: Mounting plugin AssetManagerEditor
LogPluginManager: Mounting plugin CryptoKeys
LogPluginManager: Mounting plugin CurveEditorTools
LogPluginManager: Mounting plugin DataValidation
LogPluginManager: Mounting plugin EditorScriptingUtilities
LogPluginManager: Mounting plugin FacialAnimation
LogPluginManager: Mounting plugin GameplayTagsEditor
LogPluginManager: Mounting plugin GeometryMode
LogPluginManager: Mounting plugin MacGraphicsSwitching
LogPluginManager: Mounting plugin MaterialAnalyzer
LogPluginManager: Mounting plugin MobileLauncherProfileWizard
LogPluginManager: Mounting plugin PluginBrowser
LogPluginManager: Mounting plugin SpeedTreeImporter
LogPluginManager: Mounting plugin DatasmithContent
LogPluginManager: Mounting plugin VariantManagerContent
LogPluginManager: Mounting plugin AlembicImporter
LogPluginManager: Mounting plugin AutomationUtils
LogPluginManager: Mounting plugin BackChannel
LogPluginManager: Mounting plugin ChaosCloth
LogPluginManager: Mounting plugin ChaosClothEditor
LogPluginManager: Mounting plugin ChaosEditor
LogPluginManager: Mounting plugin ChaosNiagara
LogPluginManager: Mounting plugin ChaosSolverPlugin
LogPluginManager: Mounting plugin CharacterAI
LogPluginManager: Mounting plugin GeometryCache
LogPluginManager: Mounting plugin GeometryCollectionPlugin
LogPluginManager: Mounting plugin GeometryProcessing
LogPluginManager: Mounting plugin PlanarCut
LogPluginManager: Mounting plugin PlatformCrypto
LogPluginManager: Mounting plugin ProxyLODPlugin
LogPluginManager: Mounting plugin SkeletalReduction
LogPluginManager: Mounting plugin Niagara
LogPluginManager: Mounting plugin MagicLeap
LogPluginManager: Mounting plugin MagicLeapLightEstimation
LogPluginManager: Mounting plugin MagicLeapMedia
LogPluginManager: Mounting plugin MagicLeapPassableWorld
LogPluginManager: Mounting plugin MLSDK
LogPluginManager: Mounting plugin AndroidMedia
LogPluginManager: Mounting plugin AvfMedia
LogPluginManager: Mounting plugin ImgMedia
LogPluginManager: Mounting plugin MediaCompositing
LogPluginManager: Mounting plugin MediaPlayerEditor
LogPluginManager: Mounting plugin WebMMedia
LogPluginManager: Mounting plugin WmfMedia
LogPluginManager: Mounting plugin MeshPainting
LogPluginManager: Mounting plugin TcpMessaging
LogPluginManager: Mounting plugin UdpMessaging
LogPluginManager: Mounting plugin ActorSequence
LogPluginManager: Mounting plugin LevelSequenceEditor
LogPluginManager: Mounting plugin MatineeToLevelSequence
LogPluginManager: Mounting plugin MovieRenderPipeline
LogPluginManager: Mounting plugin TemplateSequence
LogPluginManager: Mounting plugin NetcodeUnitTest
LogPluginManager: Mounting plugin NUTUnrealEngine4
LogPluginManager: Mounting plugin OnlineSubsystemGooglePlay
LogPluginManager: Mounting plugin OnlineSubsystemIOS
LogPluginManager: Mounting plugin OnlineSubsystem
LogPluginManager: Mounting plugin OnlineSubsystemNull
LogPluginManager: Mounting plugin OnlineSubsystemUtils
LogPluginManager: Mounting plugin LauncherChunkInstaller
LogPluginManager: Mounting plugin AndroidDeviceProfileSelector
LogPluginManager: Mounting plugin AndroidMoviePlayer
LogPluginManager: Mounting plugin AndroidPermission
LogPluginManager: Mounting plugin AppleImageUtils
LogPluginManager: Mounting plugin AppleMoviePlayer
LogPluginManager: Mounting plugin ArchVisCharacter
LogPluginManager: Mounting plugin AssetTags
LogPluginManager: Mounting plugin AudioCapture
LogPluginManager: Mounting plugin CableComponent
LogPluginManager: Mounting plugin CustomMeshComponent
LogPluginManager: Mounting plugin EditableMesh
LogPluginManager: Mounting plugin ExampleDeviceProfileSelector
LogPluginManager: Mounting plugin GoogleCloudMessaging
LogPluginManager: Mounting plugin GooglePAD
LogPluginManager: Mounting plugin IOSDeviceProfileSelector
LogPluginManager: Mounting plugin LinuxDeviceProfileSelector
LogPluginManager: Mounting plugin LocationServicesBPLibrary
LogPluginManager: Mounting plugin MobilePatchingUtils
LogPluginManager: Mounting plugin OculusVR
LogPluginManager: Mounting plugin PhysXVehicles
LogPluginManager: Mounting plugin PostSplashScreen
LogPluginManager: Mounting plugin ProceduralMeshComponent
LogPluginManager: Mounting plugin RuntimePhysXCooking
LogPluginManager: Mounting plugin SignificanceManager
LogPluginManager: Mounting plugin SoundFields
LogPluginManager: Mounting plugin SteamVR
LogPluginManager: Mounting plugin Synthesis
LogPluginManager: Mounting plugin WebMMoviePlayer
LogPluginManager: Mounting plugin WindowsMoviePlayer
LogPluginManager: Mounting plugin ScreenshotTools
LogInit: Using libcurl 7.55.1-DEV
LogInit:  - built for x86_64-pc-win32
LogInit:  - supports SSL with OpenSSL/1.1.1
LogInit:  - supports HTTP deflate (compression) using libz 1.2.8
LogInit:  - other features:
LogInit:      CURL_VERSION_SSL
LogInit:      CURL_VERSION_LIBZ
LogInit:      CURL_VERSION_IPV6
LogInit:      CURL_VERSION_ASYNCHDNS
LogInit:      CURL_VERSION_LARGEFILE
LogInit:      CURL_VERSION_IDN
LogInit:  CurlRequestOptions (configurable via config and command line):
LogInit:  - bVerifyPeer = true  - Libcurl will verify peer certificate
LogInit:  - bUseHttpProxy = false  - Libcurl will NOT use HTTP proxy
LogInit:  - bDontReuseConnections = false  - Libcurl will reuse connections
LogInit:  - MaxHostConnections = 16  - Libcurl will limit the number of connections to a host
LogInit:  - LocalHostAddr = Default
LogInit:  - BufferSize = 65536
LogOnline: OSS: Creating online subsystem instance for: NULL
LogInit: WinSock: version 1.1 (2.2), MaxSocks=32767, MaxUdp=65467
LogOnline: OSS: TryLoadSubsystemAndSetDefault: Loaded subsystem for module [NULL]
LogOculusPluginWrapper: OculusPlugin initialized successfully
LogInit: Build: ++UE4+Release-4.25-CL-14469661
LogInit: Engine Version: 4.25.4-14469661+++UE4+Release-4.25
LogInit: Compatible Engine Version: 4.25.0-13144385+++UE4+Release-4.25
LogInit: Net CL: 13144385
LogInit: OS: Windows 10 (Release 2009) (), CPU: AMD Ryzen 7 3700X 8-Core Processor             , GPU: NVIDIA GeForce RTX 3080
LogInit: Compiled (64-bit): Oct 11 2020 08:10:49
LogInit: Compiled with Visual C++: 19.24.28315.00
LogInit: Build Configuration: Development
LogInit: Branch Name: ++UE4+Release-4.25
LogInit: Command Line: 
LogInit: Base Directory: Z:/Gaming/UE_4.25/Engine/Binaries/Win64/
LogInit: Allocator: TBB
LogInit: Installed Engine Build: 1
LogDevObjectVersion: Number of dev versions registered: 26
LogDevObjectVersion:   Dev-Blueprints (B0D832E4-1F89-4F0D-ACCF-7EB736FD4AA2): 10
LogDevObjectVersion:   Dev-Build (E1C64328-A22C-4D53-A36C-8E866417BD8C): 0
LogDevObjectVersion:   Dev-Core (375EC13C-06E4-48FB-B500-84F0262A717E): 4
LogDevObjectVersion:   Dev-Editor (E4B068ED-F494-42E9-A231-DA0B2E46BB41): 38
LogDevObjectVersion:   Dev-Framework (CFFC743F-43B0-4480-9391-14DF171D2073): 37
LogDevObjectVersion:   Dev-Mobile (B02B49B5-BB20-44E9-A304-32B752E40360): 2
LogDevObjectVersion:   Dev-Networking (A4E4105C-59A1-49B5-A7C5-40C4547EDFEE): 0
LogDevObjectVersion:   Dev-Online (39C831C9-5AE6-47DC-9A44-9C173E1C8E7C): 0
LogDevObjectVersion:   Dev-Physics (78F01B33-EBEA-4F98-B9B4-84EACCB95AA2): 4
LogDevObjectVersion:   Dev-Platform (6631380F-2D4D-43E0-8009-CF276956A95A): 0
LogDevObjectVersion:   Dev-Rendering (12F88B9F-8875-4AFC-A67C-D90C383ABD29): 43
LogDevObjectVersion:   Dev-Sequencer (7B5AE74C-D270-4C10-A958-57980B212A5A): 12
LogDevObjectVersion:   Dev-VR (D7296918-1DD6-4BDD-9DE2-64A83CC13884): 3
LogDevObjectVersion:   Dev-LoadTimes (C2A15278-BFE7-4AFE-6C17-90FF531DF755): 1
LogDevObjectVersion:   Private-Geometry (6EACA3D4-40EC-4CC1-B786-8BED09428FC5): 3
LogDevObjectVersion:   Dev-AnimPhys (29E575DD-E0A3-4627-9D10-D276232CDCEA): 17
LogDevObjectVersion:   Dev-Anim (AF43A65D-7FD3-4947-9873-3E8ED9C1BB05): 7
LogDevObjectVersion:   Dev-ReflectionCapture (6B266CEC-1EC7-4B8F-A30B-E4D90942FC07): 1
LogDevObjectVersion:   Dev-Automation (0DF73D61-A23F-47EA-B727-89E90C41499A): 1
LogDevObjectVersion:   FortniteMain (601D1886-AC64-4F84-AA16-D3DE0DEAC7D6): 31
LogDevObjectVersion:   Dev-Enterprise (9DFFBCD6-494F-0158-E221-12823C92A888): 10
LogDevObjectVersion:   Dev-Niagara (F2AED0AC-9AFE-416F-8664-AA7FFA26D6FC): 1
LogDevObjectVersion:   Dev-Destruction (174F1F0B-B4C6-45A5-B13F-2EE8D0FB917D): 10
LogDevObjectVersion:   Dev-Physics-Ext (35F94A83-E258-406C-A318-09F59610247C): 37
LogDevObjectVersion:   Dev-PhysicsMaterial-Chaos (B68FC16E-8B1B-42E2-B453-215C058844FE): 1
LogDevObjectVersion:   Dev-CineCamera (B2E18506-4273-CFC2-A54E-F4BB758BBA07): 1
LogInit: Presizing for max 25165824 objects, including 0 objects not considered by GC, pre-allocating 0 bytes for permanent pool.
LogConfig: Applying CVar settings from Section [/Script/Engine.StreamingSettings] File [Z:/Travail/Game dev/OiraAmataProject/OiraAmata/Saved/Config/Windows/Engine.ini]
LogConfig: Setting CVar [[s.MinBulkDataSizeForAsyncLoading:131072]]
LogConfig: Setting CVar [[s.AsyncLoadingThreadEnabled:0]]
LogConfig: Setting CVar [[s.EventDrivenLoaderEnabled:1]]
LogConfig: Setting CVar [[s.WarnIfTimeLimitExceeded:0]]
LogConfig: Setting CVar [[s.TimeLimitExceededMultiplier:1.5]]
LogConfig: Setting CVar [[s.TimeLimitExceededMinTime:0.005]]
LogConfig: Setting CVar [[s.UseBackgroundLevelStreaming:1]]
LogConfig: Setting CVar [[s.PriorityAsyncLoadingExtraTime:15.0]]
LogConfig: Setting CVar [[s.LevelStreamingActorsUpdateTimeLimit:5.0]]
LogConfig: Setting CVar [[s.PriorityLevelStreamingActorsUpdateExtraTime:5.0]]
LogConfig: Setting CVar [[s.LevelStreamingComponentsRegistrationGranularity:10]]
LogConfig: Setting CVar [[s.UnregisterComponentsTimeLimit:1.0]]
LogConfig: Setting CVar [[s.LevelStreamingComponentsUnregistrationGranularity:5]]
LogConfig: Setting CVar [[s.FlushStreamingOnExit:1]]
LogInit: Object subsystem initialized
LogConfig: Setting CVar [[con.DebugEarlyDefault:1]]
LogConfig: Setting CVar [[r.setres:1280x720]]
[2020.11.27-08.29.55:885][  0]LogConfig: Setting CVar [[r.VSync:0]]
[2020.11.27-08.29.55:886][  0]LogConfig: Setting CVar [[r.RHICmdBypass:0]]
[2020.11.27-08.29.55:886][  0]LogConfig: Applying CVar settings from Section [/Script/Engine.RendererSettings] File [Z:/Travail/Game dev/OiraAmataProject/OiraAmata/Saved/Config/Windows/Engine.ini]
[2020.11.27-08.29.55:886][  0]LogConfig: Setting CVar [[r.GPUCrashDebugging:0]]
[2020.11.27-08.29.55:886][  0]LogConfig: Applying CVar settings from Section [/Script/Engine.RendererOverrideSettings] File [Z:/Travail/Game dev/OiraAmataProject/OiraAmata/Saved/Config/Windows/Engine.ini]
[2020.11.27-08.29.55:886][  0]LogConfig: Applying CVar settings from Section [/Script/Engine.StreamingSettings] File [Z:/Travail/Game dev/OiraAmataProject/OiraAmata/Saved/Config/Windows/Engine.ini]
[2020.11.27-08.29.55:886][  0]LogConfig: Setting CVar [[s.MinBulkDataSizeForAsyncLoading:131072]]
[2020.11.27-08.29.55:886][  0]LogConfig: Setting CVar [[s.AsyncLoadingThreadEnabled:0]]
[2020.11.27-08.29.55:886][  0]LogConfig: Setting CVar [[s.EventDrivenLoaderEnabled:1]]
[2020.11.27-08.29.55:886][  0]LogConfig: Setting CVar [[s.WarnIfTimeLimitExceeded:0]]
[2020.11.27-08.29.55:886][  0]LogConfig: Setting CVar [[s.TimeLimitExceededMultiplier:1.5]]
[2020.11.27-08.29.55:886][  0]LogConfig: Setting CVar [[s.TimeLimitExceededMinTime:0.005]]
[2020.11.27-08.29.55:886][  0]LogConfig: Setting CVar [[s.UseBackgroundLevelStreaming:1]]
[2020.11.27-08.29.55:886][  0]LogConfig: Setting CVar [[s.PriorityAsyncLoadingExtraTime:15.0]]
[2020.11.27-08.29.55:886][  0]LogConfig: Setting CVar [[s.LevelStreamingActorsUpdateTimeLimit:5.0]]
[2020.11.27-08.29.55:886][  0]LogConfig: Setting CVar [[s.PriorityLevelStreamingActorsUpdateExtraTime:5.0]]
[2020.11.27-08.29.55:886][  0]LogConfig: Setting CVar [[s.LevelStreamingComponentsRegistrationGranularity:10]]
[2020.11.27-08.29.55:886][  0]LogConfig: Setting CVar [[s.UnregisterComponentsTimeLimit:1.0]]
[2020.11.27-08.29.55:886][  0]LogConfig: Setting CVar [[s.LevelStreamingComponentsUnregistrationGranularity:5]]
[2020.11.27-08.29.55:886][  0]LogConfig: Setting CVar [[s.FlushStreamingOnExit:1]]
[2020.11.27-08.29.55:886][  0]LogConfig: Applying CVar settings from Section [/Script/Engine.GarbageCollectionSettings] File [Z:/Travail/Game dev/OiraAmataProject/OiraAmata/Saved/Config/Windows/Engine.ini]
[2020.11.27-08.29.55:886][  0]LogConfig: Setting CVar [[gc.MaxObjectsNotConsideredByGC:1]]
[2020.11.27-08.29.55:886][  0]LogConfig: Setting CVar [[gc.SizeOfPermanentObjectPool:0]]
[2020.11.27-08.29.55:886][  0]LogConfig: Setting CVar [[gc.FlushStreamingOnGC:0]]
[2020.11.27-08.29.55:886][  0]LogConfig: Setting CVar [[gc.NumRetriesBeforeForcingGC:10]]
[2020.11.27-08.29.55:886][  0]LogConfig: Setting CVar [[gc.AllowParallelGC:1]]
[2020.11.27-08.29.55:886][  0]LogConfig: Setting CVar [[gc.TimeBetweenPurgingPendingKillObjects:61.1]]
[2020.11.27-08.29.55:886][  0]LogConfig: Setting CVar [[gc.MaxObjectsInEditor:25165824]]
[2020.11.27-08.29.55:886][  0]LogConfig: Setting CVar [[gc.IncrementalBeginDestroyEnabled:1]]
[2020.11.27-08.29.55:886][  0]LogConfig: Setting CVar [[gc.CreateGCClusters:1]]
[2020.11.27-08.29.55:886][  0]LogConfig: Setting CVar [[gc.MinGCClusterSize:5]]
[2020.11.27-08.29.55:886][  0]LogConfig: Setting CVar [[gc.ActorClusteringEnabled:0]]
[2020.11.27-08.29.55:886][  0]LogConfig: Setting CVar [[gc.BlueprintClusteringEnabled:0]]
[2020.11.27-08.29.55:886][  0]LogConfig: Setting CVar [[gc.UseDisregardForGCOnDedicatedServers:0]]
[2020.11.27-08.29.55:886][  0]LogConfig: Applying CVar settings from Section [/Script/Engine.NetworkSettings] File [Z:/Travail/Game dev/OiraAmataProject/OiraAmata/Saved/Config/Windows/Engine.ini]
[2020.11.27-08.29.55:886][  0]LogConfig: Applying CVar settings from Section [/Script/UnrealEd.CookerSettings] File [Z:/Travail/Game dev/OiraAmataProject/OiraAmata/Saved/Config/Windows/Engine.ini]
[2020.11.27-08.29.55:889][  0]LogConfig: Applying CVar settings from Section [ViewDistanceQuality@3] File [Z:/Travail/Game dev/OiraAmataProject/OiraAmata/Saved/Config/Windows/Scalability.ini]
[2020.11.27-08.29.55:889][  0]LogConfig: Setting CVar [[r.SkeletalMeshLODBias:0]]
[2020.11.27-08.29.55:889][  0]LogConfig: Setting CVar [[r.ViewDistanceScale:1.0]]
[2020.11.27-08.29.55:889][  0]LogConfig: Applying CVar settings from Section [AntiAliasingQuality@3] File [Z:/Travail/Game dev/OiraAmataProject/OiraAmata/Saved/Config/Windows/Scalability.ini]
[2020.11.27-08.29.55:889][  0]LogConfig: Setting CVar [[r.PostProcessAAQuality:4]]
[2020.11.27-08.29.55:889][  0]LogConfig: Applying CVar settings from Section [ShadowQuality@3] File [Z:/Travail/Game dev/OiraAmataProject/OiraAmata/Saved/Config/Windows/Scalability.ini]
[2020.11.27-08.29.55:889][  0]LogConfig: Setting CVar [[r.LightFunctionQuality:1]]
[2020.11.27-08.29.55:889][  0]LogConfig: Setting CVar [[r.ShadowQuality:5]]
[2020.11.27-08.29.55:889][  0]LogConfig: Setting CVar [[r.Shadow.CSM.MaxCascades:10]]
[2020.11.27-08.29.55:889][  0]LogConfig: Setting CVar [[r.Shadow.MaxResolution:2048]]
[2020.11.27-08.29.55:889][  0]LogConfig: Setting CVar [[r.Shadow.MaxCSMResolution:2048]]
[2020.11.27-08.29.55:889][  0]LogConfig: Setting CVar [[r.Shadow.RadiusThreshold:0.01]]
[2020.11.27-08.29.55:889][  0]LogConfig: Setting CVar [[r.Shadow.DistanceScale:1.0]]
[2020.11.27-08.29.55:889][  0]LogConfig: Setting CVar [[r.Shadow.CSM.TransitionScale:1.0]]
[2020.11.27-08.29.55:889][  0]LogConfig: Setting CVar [[r.Shadow.PreShadowResolutionFactor:1.0]]
[2020.11.27-08.29.55:889][  0]LogConfig: Setting CVar [[r.DistanceFieldShadowing:1]]
[2020.11.27-08.29.55:889][  0]LogConfig: Setting CVar [[r.DistanceFieldAO:1]]
[2020.11.27-08.29.55:889][  0]LogConfig: Setting CVar [[r.AOQuality:2]]
[2020.11.27-08.29.55:889][  0]LogConfig: Setting CVar [[r.VolumetricFog:1]]
[2020.11.27-08.29.55:889][  0]LogConfig: Setting CVar [[r.VolumetricFog.GridPixelSize:8]]
[2020.11.27-08.29.55:889][  0]LogConfig: Setting CVar [[r.VolumetricFog.GridSizeZ:128]]
[2020.11.27-08.29.55:889][  0]LogConfig: Setting CVar [[r.VolumetricFog.HistoryMissSupersampleCount:4]]
[2020.11.27-08.29.55:889][  0]LogConfig: Setting CVar [[r.LightMaxDrawDistanceScale:1]]
[2020.11.27-08.29.55:889][  0]LogConfig: Setting CVar [[r.CapsuleShadows:1]]
[2020.11.27-08.29.55:889][  0]LogConfig: Applying CVar settings from Section [PostProcessQuality@3] File [Z:/Travail/Game dev/OiraAmataProject/OiraAmata/Saved/Config/Windows/Scalability.ini]
[2020.11.27-08.29.55:889][  0]LogConfig: Setting CVar [[r.MotionBlurQuality:4]]
[2020.11.27-08.29.55:889][  0]LogConfig: Setting CVar [[r.AmbientOcclusionMipLevelFactor:0.4]]
[2020.11.27-08.29.55:889][  0]LogConfig: Setting CVar [[r.AmbientOcclusionMaxQuality:100]]
[2020.11.27-08.29.55:889][  0]LogConfig: Setting CVar [[r.AmbientOcclusionLevels:-1]]
[2020.11.27-08.29.55:890][  0]LogConfig: Setting CVar [[r.AmbientOcclusionRadiusScale:1.0]]
[2020.11.27-08.29.55:890][  0]LogConfig: Setting CVar [[r.DepthOfFieldQuality:2]]
[2020.11.27-08.29.55:890][  0]LogConfig: Setting CVar [[r.RenderTargetPoolMin:400]]
[2020.11.27-08.29.55:890][  0]LogConfig: Setting CVar [[r.LensFlareQuality:2]]
[2020.11.27-08.29.55:890][  0]LogConfig: Setting CVar [[r.SceneColorFringeQuality:1]]
[2020.11.27-08.29.55:890][  0]LogConfig: Setting CVar [[r.EyeAdaptationQuality:2]]
[2020.11.27-08.29.55:890][  0]LogConfig: Setting CVar [[r.BloomQuality:5]]
[2020.11.27-08.29.55:890][  0]LogConfig: Setting CVar [[r.FastBlurThreshold:100]]
[2020.11.27-08.29.55:890][  0]LogConfig: Setting CVar [[r.Upscale.Quality:3]]
[2020.11.27-08.29.55:890][  0]LogConfig: Setting CVar [[r.Tonemapper.GrainQuantization:1]]
[2020.11.27-08.29.55:890][  0]LogConfig: Setting CVar [[r.LightShaftQuality:1]]
[2020.11.27-08.29.55:890][  0]LogConfig: Setting CVar [[r.Filter.SizeScale:1]]
[2020.11.27-08.29.55:890][  0]LogConfig: Setting CVar [[r.Tonemapper.Quality:5]]
[2020.11.27-08.29.55:890][  0]LogConfig: Setting CVar [[r.DOF.Gather.AccumulatorQuality:1        ; higher gathering accumulator quality]]
[2020.11.27-08.29.55:890][  0]LogConfig: Setting CVar [[r.DOF.Gather.PostfilterMethod:1          ; Median3x3 postfilering method]]
[2020.11.27-08.29.55:890][  0]LogConfig: Setting CVar [[r.DOF.Gather.EnableBokehSettings:0       ; no bokeh simulation when gathering]]
[2020.11.27-08.29.55:890][  0]LogConfig: Setting CVar [[r.DOF.Gather.RingCount:4                 ; medium number of samples when gathering]]
[2020.11.27-08.29.55:890][  0]LogConfig: Setting CVar [[r.DOF.Scatter.ForegroundCompositing:1    ; additive foreground scattering]]
[2020.11.27-08.29.55:890][  0]LogConfig: Setting CVar [[r.DOF.Scatter.BackgroundCompositing:2    ; additive background scattering]]
[2020.11.27-08.29.55:890][  0]LogConfig: Setting CVar [[r.DOF.Scatter.EnableBokehSettings:1      ; bokeh simulation when scattering]]
[2020.11.27-08.29.55:890][  0]LogConfig: Setting CVar [[r.DOF.Scatter.MaxSpriteRatio:0.1         ; only a maximum of 10% of scattered bokeh]]
[2020.11.27-08.29.55:890][  0]LogConfig: Setting CVar [[r.DOF.Recombine.Quality:1                ; cheap slight out of focus]]
[2020.11.27-08.29.55:890][  0]LogConfig: Setting CVar [[r.DOF.Recombine.EnableBokehSettings:0    ; no bokeh simulation on slight out of focus]]
[2020.11.27-08.29.55:890][  0]LogConfig: Setting CVar [[r.DOF.TemporalAAQuality:1                ; more stable temporal accumulation]]
[2020.11.27-08.29.55:890][  0]LogConfig: Setting CVar [[r.DOF.Kernel.MaxForegroundRadius:0.025]]
[2020.11.27-08.29.55:890][  0]LogConfig: Setting CVar [[r.DOF.Kernel.MaxBackgroundRadius:0.025]]
[2020.11.27-08.29.55:890][  0]LogConfig: Applying CVar settings from Section [TextureQuality@3] File [Z:/Travail/Game dev/OiraAmataProject/OiraAmata/Saved/Config/Windows/Scalability.ini]
[2020.11.27-08.29.55:890][  0]LogConfig: Setting CVar [[r.Streaming.MipBias:0]]
[2020.11.27-08.29.55:890][  0]LogConfig: Setting CVar [[r.Streaming.AmortizeCPUToGPUCopy:0]]
[2020.11.27-08.29.55:890][  0]LogConfig: Setting CVar [[r.Streaming.MaxNumTexturesToStreamPerFrame:0]]
[2020.11.27-08.29.55:890][  0]LogConfig: Setting CVar [[r.Streaming.Boost:1]]
[2020.11.27-08.29.55:890][  0]LogConfig: Setting CVar [[r.MaxAnisotropy:8]]
[2020.11.27-08.29.55:890][  0]LogConfig: Setting CVar [[r.VT.MaxAnisotropy:8]]
[2020.11.27-08.29.55:890][  0]LogConfig: Setting CVar [[r.Streaming.LimitPoolSizeToVRAM:0]]
[2020.11.27-08.29.55:890][  0]LogConfig: Setting CVar [[r.Streaming.PoolSize:1000]]
[2020.11.27-08.29.55:890][  0]LogConfig: Setting CVar [[r.Streaming.MaxEffectiveScreenSize:0]]
[2020.11.27-08.29.55:890][  0]LogConfig: Applying CVar settings from Section [EffectsQuality@3] File [Z:/Travail/Game dev/OiraAmataProject/OiraAmata/Saved/Config/Windows/Scalability.ini]
[2020.11.27-08.29.55:890][  0]LogConfig: Setting CVar [[r.TranslucencyLightingVolumeDim:64]]
[2020.11.27-08.29.55:890][  0]LogConfig: Setting CVar [[r.RefractionQuality:2]]
[2020.11.27-08.29.55:890][  0]LogConfig: Setting CVar [[r.SSR.Quality:3]]
[2020.11.27-08.29.55:890][  0]LogConfig: Setting CVar [[r.SSR.HalfResSceneColor:0]]
[2020.11.27-08.29.55:890][  0]LogConfig: Setting CVar [[r.SceneColorFormat:4]]
[2020.11.27-08.29.55:890][  0]LogConfig: Setting CVar [[r.DetailMode:2]]
[2020.11.27-08.29.55:890][  0]LogConfig: Setting CVar [[r.TranslucencyVolumeBlur:1]]
[2020.11.27-08.29.55:890][  0]LogConfig: Setting CVar [[r.MaterialQualityLevel:1 ; High quality]]
[2020.11.27-08.29.55:890][  0]LogConfig: Setting CVar [[r.SSS.Scale:1]]
[2020.11.27-08.29.55:890][  0]LogConfig: Setting CVar [[r.SSS.SampleSet:2]]
[2020.11.27-08.29.55:890][  0]LogConfig: Setting CVar [[r.SSS.Quality:1]]
[2020.11.27-08.29.55:890][  0]LogConfig: Setting CVar [[r.SSS.HalfRes:0]]
[2020.11.27-08.29.55:890][  0]LogConfig: Setting CVar [[r.SSGI.Quality:3]]
[2020.11.27-08.29.55:890][  0]LogConfig: Setting CVar [[r.EmitterSpawnRateScale:1.0]]
[2020.11.27-08.29.55:890][  0]LogConfig: Setting CVar [[r.ParticleLightQuality:2]]
[2020.11.27-08.29.55:890][  0]LogConfig: Setting CVar [[r.SkyAtmosphere.AerialPerspectiveLUT.FastApplyOnOpaque:1 ; Always have FastSkyLUT 1 in this case to avoid wrong sky]]
[2020.11.27-08.29.55:890][  0]LogConfig: Setting CVar [[r.SkyAtmosphere.AerialPerspectiveLUT.SampleCountPerSlice:1]]
[2020.11.27-08.29.55:890][  0]LogConfig: Setting CVar [[r.SkyAtmosphere.AerialPerspectiveLUT.DepthResolution:16.0]]
[2020.11.27-08.29.55:890][  0]LogConfig: Setting CVar [[r.SkyAtmosphere.FastSkyLUT:1]]
[2020.11.27-08.29.55:890][  0]LogConfig: Setting CVar [[r.SkyAtmosphere.FastSkyLUT.SampleCountMin:4.0]]
[2020.11.27-08.29.55:890][  0]LogConfig: Setting CVar [[r.SkyAtmosphere.FastSkyLUT.SampleCountMax:32.0]]
[2020.11.27-08.29.55:890][  0]LogConfig: Setting CVar [[r.SkyAtmosphere.SampleCountMin:4.0]]
[2020.11.27-08.29.55:890][  0]LogConfig: Setting CVar [[r.SkyAtmosphere.SampleCountMax:32.0]]
[2020.11.27-08.29.55:890][  0]LogConfig: Setting CVar [[r.SkyAtmosphere.TransmittanceLUT.UseSmallFormat:0]]
[2020.11.27-08.29.55:890][  0]LogConfig: Setting CVar [[r.SkyAtmosphere.TransmittanceLUT.SampleCount:10.0]]
[2020.11.27-08.29.55:890][  0]LogConfig: Setting CVar [[r.SkyAtmosphere.MultiScatteringLUT.SampleCount:15.0]]
[2020.11.27-08.29.55:890][  0]LogConfig: Applying CVar settings from Section [FoliageQuality@3] File [Z:/Travail/Game dev/OiraAmataProject/OiraAmata/Saved/Config/Windows/Scalability.ini]
[2020.11.27-08.29.55:890][  0]LogConfig: Setting CVar [[foliage.DensityScale:1.0]]
[2020.11.27-08.29.55:890][  0]LogConfig: Setting CVar [[grass.DensityScale:1.0]]
[2020.11.27-08.29.55:890][  0]LogConfig: Applying CVar settings from Section [ShadingQuality@3] File [Z:/Travail/Game dev/OiraAmataProject/OiraAmata/Saved/Config/Windows/Scalability.ini]
[2020.11.27-08.29.55:890][  0]LogConfig: Setting CVar [[r.HairStrands.SkyLighting.SampleCount:16]]
[2020.11.27-08.29.55:890][  0]LogConfig: Setting CVar [[r.HairStrands.SkyLighting.JitterIntegration:0]]
[2020.11.27-08.29.55:890][  0]LogConfig: Setting CVar [[r.HairStrands.SkyAO.SampleCount:16]]
[2020.11.27-08.29.55:890][  0]LogConfig: Setting CVar [[r.HairStrands.DeepShadow.SuperSampling:0]]
[2020.11.27-08.29.55:890][  0]LogConfig: Setting CVar [[r.HairStrands.VisibilityPPLL:0]]
[2020.11.27-08.29.55:890][  0]LogConfig: Setting CVar [[r.HairStrands.RasterizationScale:0.5]]
[2020.11.27-08.29.55:890][  0]LogConfig: Setting CVar [[r.HairStrands.VelocityRasterizationScale:1]]
[2020.11.27-08.29.55:890][  0]LogInit: Selected Device Profile: [Windows]
[2020.11.27-08.29.55:890][  0]LogInit: Applying CVar settings loaded from the selected device profile: [Windows]
[2020.11.27-08.29.55:890][  0]LogHAL: Display: Platform has ~ 32 GB [34306646016 / 34359738368 / 32], which maps to Largest [LargestMinGB=32, LargerMinGB=12, DefaultMinGB=8, SmallerMinGB=6, SmallestMinGB=0)
[2020.11.27-08.29.55:890][  0]LogInit: Going up to parent DeviceProfile []
[2020.11.27-08.29.55:891][  0]LogConfig: Applying CVar settings from Section [ViewDistanceQuality@3] File [Z:/Travail/Game dev/OiraAmataProject/OiraAmata/Saved/Config/Windows/Scalability.ini]
[2020.11.27-08.29.55:891][  0]LogConfig: Setting CVar [[r.SkeletalMeshLODBias:0]]
[2020.11.27-08.29.55:891][  0]LogConfig: Setting CVar [[r.ViewDistanceScale:1.0]]
[2020.11.27-08.29.55:891][  0]LogConfig: Applying CVar settings from Section [AntiAliasingQuality@3] File [Z:/Travail/Game dev/OiraAmataProject/OiraAmata/Saved/Config/Windows/Scalability.ini]
[2020.11.27-08.29.55:891][  0]LogConfig: Setting CVar [[r.PostProcessAAQuality:4]]
[2020.11.27-08.29.55:891][  0]LogConfig: Applying CVar settings from Section [ShadowQuality@3] File [Z:/Travail/Game dev/OiraAmataProject/OiraAmata/Saved/Config/Windows/Scalability.ini]
[2020.11.27-08.29.55:891][  0]LogConfig: Setting CVar [[r.LightFunctionQuality:1]]
[2020.11.27-08.29.55:891][  0]LogConfig: Setting CVar [[r.ShadowQuality:5]]
[2020.11.27-08.29.55:891][  0]LogConfig: Setting CVar [[r.Shadow.CSM.MaxCascades:10]]
[2020.11.27-08.29.55:891][  0]LogConfig: Setting CVar [[r.Shadow.MaxResolution:2048]]
[2020.11.27-08.29.55:891][  0]LogConfig: Setting CVar [[r.Shadow.MaxCSMResolution:2048]]
[2020.11.27-08.29.55:891][  0]LogConfig: Setting CVar [[r.Shadow.RadiusThreshold:0.01]]
[2020.11.27-08.29.55:891][  0]LogConfig: Setting CVar [[r.Shadow.DistanceScale:1.0]]
[2020.11.27-08.29.55:891][  0]LogConfig: Setting CVar [[r.Shadow.CSM.TransitionScale:1.0]]
[2020.11.27-08.29.55:891][  0]LogConfig: Setting CVar [[r.Shadow.PreShadowResolutionFactor:1.0]]
[2020.11.27-08.29.55:891][  0]LogConfig: Setting CVar [[r.DistanceFieldShadowing:1]]
[2020.11.27-08.29.55:891][  0]LogConfig: Setting CVar [[r.DistanceFieldAO:1]]
[2020.11.27-08.29.55:891][  0]LogConfig: Setting CVar [[r.AOQuality:2]]
[2020.11.27-08.29.55:891][  0]LogConfig: Setting CVar [[r.VolumetricFog:1]]
[2020.11.27-08.29.55:891][  0]LogConfig: Setting CVar [[r.VolumetricFog.GridPixelSize:8]]
[2020.11.27-08.29.55:891][  0]LogConfig: Setting CVar [[r.VolumetricFog.GridSizeZ:128]]
[2020.11.27-08.29.55:891][  0]LogConfig: Setting CVar [[r.VolumetricFog.HistoryMissSupersampleCount:4]]
[2020.11.27-08.29.55:891][  0]LogConfig: Setting CVar [[r.LightMaxDrawDistanceScale:1]]
[2020.11.27-08.29.55:891][  0]LogConfig: Setting CVar [[r.CapsuleShadows:1]]
[2020.11.27-08.29.55:891][  0]LogConfig: Applying CVar settings from Section [PostProcessQuality@3] File [Z:/Travail/Game dev/OiraAmataProject/OiraAmata/Saved/Config/Windows/Scalability.ini]
[2020.11.27-08.29.55:891][  0]LogConfig: Setting CVar [[r.MotionBlurQuality:4]]
[2020.11.27-08.29.55:891][  0]LogConfig: Setting CVar [[r.AmbientOcclusionMipLevelFactor:0.4]]
[2020.11.27-08.29.55:891][  0]LogConfig: Setting CVar [[r.AmbientOcclusionMaxQuality:100]]
[2020.11.27-08.29.55:891][  0]LogConfig: Setting CVar [[r.AmbientOcclusionLevels:-1]]
[2020.11.27-08.29.55:891][  0]LogConfig: Setting CVar [[r.AmbientOcclusionRadiusScale:1.0]]
[2020.11.27-08.29.55:891][  0]LogConfig: Setting CVar [[r.DepthOfFieldQuality:2]]
[2020.11.27-08.29.55:891][  0]LogConfig: Setting CVar [[r.RenderTargetPoolMin:400]]
[2020.11.27-08.29.55:891][  0]LogConfig: Setting CVar [[r.LensFlareQuality:2]]
[2020.11.27-08.29.55:891][  0]LogConfig: Setting CVar [[r.SceneColorFringeQuality:1]]
[2020.11.27-08.29.55:891][  0]LogConfig: Setting CVar [[r.EyeAdaptationQuality:2]]
[2020.11.27-08.29.55:891][  0]LogConfig: Setting CVar [[r.BloomQuality:5]]
[2020.11.27-08.29.55:891][  0]LogConfig: Setting CVar [[r.FastBlurThreshold:100]]
[2020.11.27-08.29.55:891][  0]LogConfig: Setting CVar [[r.Upscale.Quality:3]]
[2020.11.27-08.29.55:891][  0]LogConfig: Setting CVar [[r.Tonemapper.GrainQuantization:1]]
[2020.11.27-08.29.55:891][  0]LogConfig: Setting CVar [[r.LightShaftQuality:1]]
[2020.11.27-08.29.55:891][  0]LogConfig: Setting CVar [[r.Filter.SizeScale:1]]
[2020.11.27-08.29.55:891][  0]LogConfig: Setting CVar [[r.Tonemapper.Quality:5]]
[2020.11.27-08.29.55:891][  0]LogConfig: Setting CVar [[r.DOF.Gather.AccumulatorQuality:1        ; higher gathering accumulator quality]]
[2020.11.27-08.29.55:891][  0]LogConfig: Setting CVar [[r.DOF.Gather.PostfilterMethod:1          ; Median3x3 postfilering method]]
[2020.11.27-08.29.55:891][  0]LogConfig: Setting CVar [[r.DOF.Gather.EnableBokehSettings:0       ; no bokeh simulation when gathering]]
[2020.11.27-08.29.55:891][  0]LogConfig: Setting CVar [[r.DOF.Gather.RingCount:4                 ; medium number of samples when gathering]]
[2020.11.27-08.29.55:891][  0]LogConfig: Setting CVar [[r.DOF.Scatter.ForegroundCompositing:1    ; additive foreground scattering]]
[2020.11.27-08.29.55:891][  0]LogConfig: Setting CVar [[r.DOF.Scatter.BackgroundCompositing:2    ; additive background scattering]]
[2020.11.27-08.29.55:891][  0]LogConfig: Setting CVar [[r.DOF.Scatter.EnableBokehSettings:1      ; bokeh simulation when scattering]]
[2020.11.27-08.29.55:891][  0]LogConfig: Setting CVar [[r.DOF.Scatter.MaxSpriteRatio:0.1         ; only a maximum of 10% of scattered bokeh]]
[2020.11.27-08.29.55:891][  0]LogConfig: Setting CVar [[r.DOF.Recombine.Quality:1                ; cheap slight out of focus]]
[2020.11.27-08.29.55:891][  0]LogConfig: Setting CVar [[r.DOF.Recombine.EnableBokehSettings:0    ; no bokeh simulation on slight out of focus]]
[2020.11.27-08.29.55:891][  0]LogConfig: Setting CVar [[r.DOF.TemporalAAQuality:1                ; more stable temporal accumulation]]
[2020.11.27-08.29.55:891][  0]LogConfig: Setting CVar [[r.DOF.Kernel.MaxForegroundRadius:0.025]]
[2020.11.27-08.29.55:891][  0]LogConfig: Setting CVar [[r.DOF.Kernel.MaxBackgroundRadius:0.025]]
[2020.11.27-08.29.55:891][  0]LogConfig: Applying CVar settings from Section [TextureQuality@3] File [Z:/Travail/Game dev/OiraAmataProject/OiraAmata/Saved/Config/Windows/Scalability.ini]
[2020.11.27-08.29.55:891][  0]LogConfig: Setting CVar [[r.Streaming.MipBias:0]]
[2020.11.27-08.29.55:891][  0]LogConfig: Setting CVar [[r.Streaming.AmortizeCPUToGPUCopy:0]]
[2020.11.27-08.29.55:891][  0]LogConfig: Setting CVar [[r.Streaming.MaxNumTexturesToStreamPerFrame:0]]
[2020.11.27-08.29.55:891][  0]LogConfig: Setting CVar [[r.Streaming.Boost:1]]
[2020.11.27-08.29.55:891][  0]LogConfig: Setting CVar [[r.MaxAnisotropy:8]]
[2020.11.27-08.29.55:891][  0]LogConfig: Setting CVar [[r.VT.MaxAnisotropy:8]]
[2020.11.27-08.29.55:891][  0]LogConfig: Setting CVar [[r.Streaming.LimitPoolSizeToVRAM:0]]
[2020.11.27-08.29.55:891][  0]LogConfig: Setting CVar [[r.Streaming.PoolSize:1000]]
[2020.11.27-08.29.55:891][  0]LogConfig: Setting CVar [[r.Streaming.MaxEffectiveScreenSize:0]]
[2020.11.27-08.29.55:891][  0]LogConfig: Applying CVar settings from Section [EffectsQuality@3] File [Z:/Travail/Game dev/OiraAmataProject/OiraAmata/Saved/Config/Windows/Scalability.ini]
[2020.11.27-08.29.55:891][  0]LogConfig: Setting CVar [[r.TranslucencyLightingVolumeDim:64]]
[2020.11.27-08.29.55:891][  0]LogConfig: Setting CVar [[r.RefractionQuality:2]]
[2020.11.27-08.29.55:891][  0]LogConfig: Setting CVar [[r.SSR.Quality:3]]
[2020.11.27-08.29.55:891][  0]LogConfig: Setting CVar [[r.SSR.HalfResSceneColor:0]]
[2020.11.27-08.29.55:891][  0]LogConfig: Setting CVar [[r.SceneColorFormat:4]]
[2020.11.27-08.29.55:891][  0]LogConfig: Setting CVar [[r.DetailMode:2]]
[2020.11.27-08.29.55:891][  0]LogConfig: Setting CVar [[r.TranslucencyVolumeBlur:1]]
[2020.11.27-08.29.55:891][  0]LogConfig: Setting CVar [[r.MaterialQualityLevel:1 ; High quality]]
[2020.11.27-08.29.55:891][  0]LogConfig: Setting CVar [[r.SSS.Scale:1]]
[2020.11.27-08.29.55:891][  0]LogConfig: Setting CVar [[r.SSS.SampleSet:2]]
[2020.11.27-08.29.55:891][  0]LogConfig: Setting CVar [[r.SSS.Quality:1]]
[2020.11.27-08.29.55:891][  0]LogConfig: Setting CVar [[r.SSS.HalfRes:0]]
[2020.11.27-08.29.55:892][  0]LogConfig: Setting CVar [[r.SSGI.Quality:3]]
[2020.11.27-08.29.55:892][  0]LogConfig: Setting CVar [[r.EmitterSpawnRateScale:1.0]]
[2020.11.27-08.29.55:892][  0]LogConfig: Setting CVar [[r.ParticleLightQuality:2]]
[2020.11.27-08.29.55:892][  0]LogConfig: Setting CVar [[r.SkyAtmosphere.AerialPerspectiveLUT.FastApplyOnOpaque:1 ; Always have FastSkyLUT 1 in this case to avoid wrong sky]]
[2020.11.27-08.29.55:892][  0]LogConfig: Setting CVar [[r.SkyAtmosphere.AerialPerspectiveLUT.SampleCountPerSlice:1]]
[2020.11.27-08.29.55:892][  0]LogConfig: Setting CVar [[r.SkyAtmosphere.AerialPerspectiveLUT.DepthResolution:16.0]]
[2020.11.27-08.29.55:892][  0]LogConfig: Setting CVar [[r.SkyAtmosphere.FastSkyLUT:1]]
[2020.11.27-08.29.55:892][  0]LogConfig: Setting CVar [[r.SkyAtmosphere.FastSkyLUT.SampleCountMin:4.0]]
[2020.11.27-08.29.55:892][  0]LogConfig: Setting CVar [[r.SkyAtmosphere.FastSkyLUT.SampleCountMax:32.0]]
[2020.11.27-08.29.55:892][  0]LogConfig: Setting CVar [[r.SkyAtmosphere.SampleCountMin:4.0]]
[2020.11.27-08.29.55:892][  0]LogConfig: Setting CVar [[r.SkyAtmosphere.SampleCountMax:32.0]]
[2020.11.27-08.29.55:892][  0]LogConfig: Setting CVar [[r.SkyAtmosphere.TransmittanceLUT.UseSmallFormat:0]]
[2020.11.27-08.29.55:892][  0]LogConfig: Setting CVar [[r.SkyAtmosphere.TransmittanceLUT.SampleCount:10.0]]
[2020.11.27-08.29.55:892][  0]LogConfig: Setting CVar [[r.SkyAtmosphere.MultiScatteringLUT.SampleCount:15.0]]
[2020.11.27-08.29.55:892][  0]LogConfig: Applying CVar settings from Section [FoliageQuality@3] File [Z:/Travail/Game dev/OiraAmataProject/OiraAmata/Saved/Config/Windows/Scalability.ini]
[2020.11.27-08.29.55:892][  0]LogConfig: Setting CVar [[foliage.DensityScale:1.0]]
[2020.11.27-08.29.55:892][  0]LogConfig: Setting CVar [[grass.DensityScale:1.0]]
[2020.11.27-08.29.55:892][  0]LogConfig: Applying CVar settings from Section [ShadingQuality@3] File [Z:/Travail/Game dev/OiraAmataProject/OiraAmata/Saved/Config/Windows/Scalability.ini]
[2020.11.27-08.29.55:892][  0]LogConfig: Setting CVar [[r.HairStrands.SkyLighting.SampleCount:16]]
[2020.11.27-08.29.55:892][  0]LogConfig: Setting CVar [[r.HairStrands.SkyLighting.JitterIntegration:0]]
[2020.11.27-08.29.55:892][  0]LogConfig: Setting CVar [[r.HairStrands.SkyAO.SampleCount:16]]
[2020.11.27-08.29.55:892][  0]LogConfig: Setting CVar [[r.HairStrands.DeepShadow.SuperSampling:0]]
[2020.11.27-08.29.55:892][  0]LogConfig: Setting CVar [[r.HairStrands.VisibilityPPLL:0]]
[2020.11.27-08.29.55:892][  0]LogConfig: Setting CVar [[r.HairStrands.RasterizationScale:0.5]]
[2020.11.27-08.29.55:892][  0]LogConfig: Setting CVar [[r.HairStrands.VelocityRasterizationScale:1]]
[2020.11.27-08.29.55:892][  0]LogConfig: Applying CVar settings from Section [Startup] File [../../../Engine/Config/ConsoleVariables.ini]
[2020.11.27-08.29.55:892][  0]LogConfig: Setting CVar [[net.UseAdaptiveNetUpdateFrequency:0]]
[2020.11.27-08.29.55:892][  0]LogConfig: Setting CVar [[p.chaos.AllowCreatePhysxBodies:1]]
[2020.11.27-08.29.55:892][  0]LogConfig: Setting CVar [[fx.SkipVectorVMBackendOptimizations:1]]
[2020.11.27-08.29.55:892][  0]LogConfig: Applying CVar settings from Section [ConsoleVariables] File [Z:/Travail/Game dev/OiraAmataProject/OiraAmata/Saved/Config/Windows/Engine.ini]
[2020.11.27-08.29.55:892][  0]LogInit: Computer: DESKTOP-1IC2RT7
[2020.11.27-08.29.55:892][  0]LogInit: User: EneriXam
[2020.11.27-08.29.55:892][  0]LogInit: CPU Page size=4096, Cores=8
[2020.11.27-08.29.55:892][  0]LogInit: High frequency timer resolution =10.000000 MHz
[2020.11.27-08.29.55:892][  0]LogMemory: Memory total: Physical=32.0GB (32GB approx)
[2020.11.27-08.29.55:892][  0]LogMemory: Platform Memory Stats for Windows
[2020.11.27-08.29.55:892][  0]LogMemory: Process Physical Memory: 124.56 MB used, 124.57 MB peak
[2020.11.27-08.29.55:892][  0]LogMemory: Process Virtual Memory: 106.30 MB used, 106.30 MB peak
[2020.11.27-08.29.55:892][  0]LogMemory: Physical Memory: 14839.54 MB used,  17877.83 MB free, 32717.37 MB total
[2020.11.27-08.29.55:892][  0]LogMemory: Virtual Memory: 5237.46 MB used,  134212488.00 MB free, 134217728.00 MB total
[2020.11.27-08.29.55:898][  0]LogWindows: WindowsPlatformFeatures enabled
[2020.11.27-08.29.55:940][  0]LogInit: Physics initialised using underlying interface: PhysX
[2020.11.27-08.29.55:941][  0]LogInit: Using OS detected language (fr-FR).
[2020.11.27-08.29.55:941][  0]LogInit: Using OS detected locale (fr-FR).
[2020.11.27-08.29.55:942][  0]LogTextLocalizationManager: No specific localization for 'fr-FR' exists, so the 'fr' localization will be used.
[2020.11.27-08.29.55:942][  0]LogTextLocalizationResource: LocRes '../../../Engine/Content/Localization/Editor/fr/Editor.locres' could not be opened for reading!
[2020.11.27-08.29.55:942][  0]LogTextLocalizationResource: LocRes '../../../Engine/Content/Localization/EditorTutorials/fr/EditorTutorials.locres' could not be opened for reading!
[2020.11.27-08.29.55:942][  0]LogTextLocalizationResource: LocRes '../../../Engine/Content/Localization/Keywords/fr/Keywords.locres' could not be opened for reading!
[2020.11.27-08.29.55:942][  0]LogTextLocalizationResource: LocRes '../../../Engine/Content/Localization/Category/fr/Category.locres' could not be opened for reading!
[2020.11.27-08.29.55:942][  0]LogTextLocalizationResource: LocRes '../../../Engine/Content/Localization/ToolTips/fr/ToolTips.locres' could not be opened for reading!
[2020.11.27-08.29.55:942][  0]LogTextLocalizationResource: LocRes '../../../Engine/Content/Localization/PropertyNames/fr/PropertyNames.locres' could not be opened for reading!
[2020.11.27-08.29.55:942][  0]LogTextLocalizationResource: LocRes '../../../Engine/Content/Localization/Engine/fr/Engine.locres' could not be opened for reading!
[2020.11.27-08.29.55:974][  0]LogSlate: New Slate User Created.  User Index 0, Is Virtual User: 0
[2020.11.27-08.29.55:974][  0]LogSlate: Slate User Registered.  User Index 0, Is Virtual User: 0
[2020.11.27-08.29.56:095][  0]LogD3D11RHI: D3D11 min allowed feature level: 11_0
[2020.11.27-08.29.56:095][  0]LogD3D11RHI: D3D11 max allowed feature level: 11_0
[2020.11.27-08.29.56:095][  0]LogD3D11RHI: D3D11 adapters:
[2020.11.27-08.29.56:169][  0]LogD3D11RHI:    0. 'NVIDIA GeForce RTX 3080' (Feature Level 11_0)
[2020.11.27-08.29.56:169][  0]LogD3D11RHI:       10077/0/16358 MB DedicatedVideo/DedicatedSystem/SharedSystem, Outputs:2, VendorId:0x10de
[2020.11.27-08.29.56:171][  0]LogD3D11RHI:    1. 'Microsoft Basic Render Driver' (Feature Level 11_0)
[2020.11.27-08.29.56:171][  0]LogD3D11RHI:       0/0/16358 MB DedicatedVideo/DedicatedSystem/SharedSystem, Outputs:0, VendorId:0x1414
[2020.11.27-08.29.56:171][  0]LogD3D11RHI: Chosen D3D11 Adapter: 0
[2020.11.27-08.29.56:179][  0]LogD3D11RHI: Creating new Direct3DDevice
[2020.11.27-08.29.56:179][  0]LogD3D11RHI:     GPU DeviceId: 0x2206 (for the marketing name, search the web for "GPU Device Id")
[2020.11.27-08.29.56:179][  0]LogWindows: EnumDisplayDevices:
[2020.11.27-08.29.56:179][  0]LogWindows:    0. 'NVIDIA GeForce RTX 3080' (P:1 D:1)
[2020.11.27-08.29.56:179][  0]LogWindows:    1. 'NVIDIA GeForce RTX 3080' (P:0 D:1)
[2020.11.27-08.29.56:179][  0]LogWindows:    2. 'NVIDIA GeForce RTX 3080' (P:0 D:0)
[2020.11.27-08.29.56:180][  0]LogWindows:    3. 'NVIDIA GeForce RTX 3080' (P:0 D:0)
[2020.11.27-08.29.56:180][  0]LogWindows: DebugString: FoundDriverCount:4 
[2020.11.27-08.29.56:180][  0]LogD3D11RHI:     Adapter Name: NVIDIA GeForce RTX 3080
[2020.11.27-08.29.56:180][  0]LogD3D11RHI:   Driver Version: 457.30 (internal:27.21.14.5730, unified:457.30)
[2020.11.27-08.29.56:180][  0]LogD3D11RHI:      Driver Date: 11-6-2020
[2020.11.27-08.29.56:180][  0]LogRHI: Texture pool is 7053 MB (70% of 10077 MB)
[2020.11.27-08.29.56:244][  0]LogD3D11RHI: RHI has support for 64 bit atomics
[2020.11.27-08.29.56:244][  0]LogD3D11RHI: Async texture creation enabled
[2020.11.27-08.29.56:244][  0]LogD3D11RHI: Array index from any shader is supported
[2020.11.27-08.29.56:279][  0]LogD3D11RHI: GPU Timing Frequency: 1000.000000 (Debug: 2 2)
[2020.11.27-08.29.56:553][  0]LogTargetPlatformManager: Display: Loaded TargetPlatform 'AllDesktop'
[2020.11.27-08.29.56:574][  0]LogTargetPlatformManager: Display: Loaded TargetPlatform 'Android'
[2020.11.27-08.29.56:574][  0]LogTargetPlatformManager: Display: Loaded TargetPlatform 'Android_ASTC'
[2020.11.27-08.29.56:574][  0]LogTargetPlatformManager: Display: Loaded TargetPlatform 'Android_DXT'
[2020.11.27-08.29.56:574][  0]LogTargetPlatformManager: Display: Loaded TargetPlatform 'Android_ETC2'
[2020.11.27-08.29.56:575][  0]LogTargetPlatformManager: Display: Loaded TargetPlatform 'AndroidClient'
[2020.11.27-08.29.56:575][  0]LogTargetPlatformManager: Display: Loaded TargetPlatform 'Android_ASTCClient'
[2020.11.27-08.29.56:575][  0]LogTargetPlatformManager: Display: Loaded TargetPlatform 'Android_DXTClient'
[2020.11.27-08.29.56:575][  0]LogTargetPlatformManager: Display: Loaded TargetPlatform 'Android_ETC2Client'
[2020.11.27-08.29.56:575][  0]LogTargetPlatformManager: Display: Loaded TargetPlatform 'Android_Multi'
[2020.11.27-08.29.56:575][  0]LogTargetPlatformManager: Display: Loaded TargetPlatform 'Android_MultiClient'
[2020.11.27-08.29.56:597][  0]LogTargetPlatformManager: Display: Loaded TargetPlatform 'IOSClient'
[2020.11.27-08.29.56:597][  0]LogTargetPlatformManager: Display: Loaded TargetPlatform 'IOS'
[2020.11.27-08.29.56:607][  0]LogTargetPlatformManager: Display: Loaded TargetPlatform 'Linux'
[2020.11.27-08.29.56:617][  0]LogTargetPlatformManager: Display: Loaded TargetPlatform 'LinuxNoEditor'
[2020.11.27-08.29.56:626][  0]LogTargetPlatformManager: Display: Loaded TargetPlatform 'LinuxClient'
[2020.11.27-08.29.56:636][  0]LogTargetPlatformManager: Display: Loaded TargetPlatform 'LinuxServer'
[2020.11.27-08.29.56:645][  0]LogTargetPlatformManager: Display: Loaded TargetPlatform 'LinuxAArch64NoEditor'
[2020.11.27-08.29.56:654][  0]LogTargetPlatformManager: Display: Loaded TargetPlatform 'LinuxAArch64Client'
[2020.11.27-08.29.56:663][  0]LogTargetPlatformManager: Display: Loaded TargetPlatform 'LinuxAArch64Server'
[2020.11.27-08.29.56:690][  0]LogTargetPlatformManager: Display: Loaded TargetPlatform 'Lumin'
[2020.11.27-08.29.56:690][  0]LogTargetPlatformManager: Display: Loaded TargetPlatform 'LuminClient'
[2020.11.27-08.29.56:706][  0]LogTargetPlatformManager: Display: Loaded TargetPlatform 'TVOSClient'
[2020.11.27-08.29.56:706][  0]LogTargetPlatformManager: Display: Loaded TargetPlatform 'TVOS'
[2020.11.27-08.29.56:715][  0]LogTargetPlatformManager: Display: Loaded TargetPlatform 'WindowsNoEditor'
[2020.11.27-08.29.56:725][  0]LogTargetPlatformManager: Display: Loaded TargetPlatform 'Windows'
[2020.11.27-08.29.56:734][  0]LogTargetPlatformManager: Display: Loaded TargetPlatform 'WindowsClient'
[2020.11.27-08.29.56:743][  0]LogTargetPlatformManager: Display: Loaded TargetPlatform 'WindowsServer'
[2020.11.27-08.29.56:743][  0]LogTargetPlatformManager: Display: Building Assets For Windows
[2020.11.27-08.29.56:749][  0]LogAudioDebug: Display: Lib vorbis DLL was dynamically loaded.
[2020.11.27-08.29.56:802][  0]LogShaderCompilers: Guid format shader working directory is -9 characters bigger than the processId version (../../../../../Travail/Game dev/OiraAmataProject/OiraAmata/Intermediate/Shaders/WorkingDirectory/7408/).
[2020.11.27-08.29.56:802][  0]LogShaderCompilers: Cleaned the shader compiler working directory 'C:/Users/EneriXam/AppData/Local/Temp/UnrealShaderWorkingDir/A8610EAC4CC7326A225478B55F7B3B16/'.
[2020.11.27-08.29.56:803][  0]LogXGEController: Cleaning working directory: C:/Users/EneriXam/AppData/Local/Temp/UnrealXGEWorkingDir/
[2020.11.27-08.29.56:803][  0]LogXGEController: Cannot use XGE Controller as Incredibuild is not installed on this machine.
[2020.11.27-08.29.56:803][  0]LogShaderCompilers: Cannot use XGE Shader Compiler as Incredibuild is not installed on this machine.
[2020.11.27-08.29.56:803][  0]LogShaderCompilers: Display: Using Local Shader Compiler.
[2020.11.27-08.29.57:583][  0]LogDerivedDataCache: Display: Max Cache Size: 512 MB
[2020.11.27-08.29.57:624][  0]LogDerivedDataCache: Loaded boot cache 0.04s 79MB C:/Users/EneriXam/AppData/Local/UnrealEngine/4.25/DerivedDataCache/Boot.ddc.
[2020.11.27-08.29.57:624][  0]LogDerivedDataCache: Display: Loaded Boot cache: C:/Users/EneriXam/AppData/Local/UnrealEngine/4.25/DerivedDataCache/Boot.ddc
[2020.11.27-08.29.57:624][  0]LogDerivedDataCache: FDerivedDataBackendGraph:  Pak pak cache file ../../../../../Travail/Game dev/OiraAmataProject/OiraAmata/DerivedDataCache/DDC.ddp not found, will not use a pak cache.
[2020.11.27-08.29.57:624][  0]LogDerivedDataCache: Unable to find inner node Pak for hierarchical cache Hierarchy.
[2020.11.27-08.29.57:624][  0]LogDerivedDataCache: FDerivedDataBackendGraph:  CompressedPak pak cache file ../../../../../Travail/Game dev/OiraAmataProject/OiraAmata/DerivedDataCache/Compressed.ddp not found, will not use a pak cache.
[2020.11.27-08.29.57:624][  0]LogDerivedDataCache: Unable to find inner node CompressedPak for hierarchical cache Hierarchy.
[2020.11.27-08.29.57:635][  0]LogDerivedDataCache: Display: Pak cache opened for reading ../../../Engine/DerivedDataCache/Compressed.ddp.
[2020.11.27-08.29.57:636][  0]LogDerivedDataCache: FDerivedDataBackendGraph:  EnterprisePak pak cache file ../../../Enterprise/DerivedDataCache/Compressed.ddp not found, will not use a pak cache.
[2020.11.27-08.29.57:636][  0]LogDerivedDataCache: Unable to find inner node EnterprisePak for hierarchical cache Hierarchy.
[2020.11.27-08.29.57:637][  0]LogDerivedDataCache: Using Local data cache path C:/Users/EneriXam/AppData/Local/UnrealEngine/Common/DerivedDataCache: Writable
[2020.11.27-08.29.57:637][  0]LogDerivedDataCache: Shared data cache path not found in *engine.ini, will not use an Shared cache.
[2020.11.27-08.29.57:637][  0]LogDerivedDataCache: Unable to find inner node Shared for hierarchical cache Hierarchy.
[2020.11.27-08.29.57:690][  0]LogSlate: Using FreeType 2.10.0
[2020.11.27-08.29.57:690][  0]LogSlate: SlateFontServices - WITH_FREETYPE: 1, WITH_HARFBUZZ: 1
[2020.11.27-08.29.57:713][  0]LogAssetRegistry: FAssetRegistry took 0.0024 seconds to start up
[2020.11.27-08.29.57:944][  0]LogInit: Selected Device Profile: [Windows]
[2020.11.27-08.29.58:045][  0]LogMeshReduction: Using QuadricMeshReduction for automatic static mesh reduction
[2020.11.27-08.29.58:045][  0]LogMeshReduction: Using SimplygonMeshReduction for automatic skeletal mesh reduction
[2020.11.27-08.29.58:045][  0]LogMeshReduction: Using ProxyLODMeshReduction for automatic mesh merging
[2020.11.27-08.29.58:045][  0]LogMeshReduction: No distributed automatic mesh merging module available
[2020.11.27-08.29.58:045][  0]LogMeshMerging: No distributed automatic mesh merging module available
[2020.11.27-08.29.58:059][  0]LogNetVersion: OiraAmata 1.0.0, NetCL: 13144385, EngineNetVer: 14, GameNetVer: 0 (Checksum: 2374841638)
[2020.11.27-08.29.58:434][  0]LogAISub: UAISubsystem::UAISubsystem AISubsystem (00000283190BA680), frame # 0
[2020.11.27-08.29.58:434][  0]LogAISub: UAISubsystem::UAISubsystem AIPerceptionSystem (000002831902BC40), frame # 0
[2020.11.27-08.29.58:436][  0]LogAISub: UAISubsystem::UAISubsystem EnvQueryManager (0000028319047200), frame # 0
[2020.11.27-08.29.58:474][  0]LogPackageLocalizationCache: Processed 19 localized package path(s) for 1 prioritized culture(s) in 0.032185 seconds
[2020.11.27-08.29.58:480][  0]LogUObjectArray: 15917 objects as part of root set at end of initial load.
[2020.11.27-08.29.58:480][  0]LogUObjectAllocator: 3965568 out of 0 bytes used by permanent object pool.
[2020.11.27-08.29.58:480][  0]LogUObjectArray: CloseDisregardForGC: 0/0 objects in disregard for GC pool
[2020.11.27-08.29.58:794][  0]LogTcpMessaging: Initializing TcpMessaging bridge
[2020.11.27-08.29.58:798][  0]LogUdpMessaging: Initializing bridge on interface 0.0.0.0:0 to multicast group 230.0.0.1:6666.
[2020.11.27-08.29.58:873][  0]SourceControl: Source control is disabled
[2020.11.27-08.29.58:873][  0]SourceControl: Source control is disabled
[2020.11.27-08.29.58:876][  0]SourceControl: Source control is disabled
[2020.11.27-08.29.58:880][  0]SourceControl: Source control is disabled
[2020.11.27-08.29.58:887][  0]SourceControl: Source control is disabled
[2020.11.27-08.29.59:111][  0]LogAndroidPermission: UAndroidPermissionCallbackProxy::GetInstance
[2020.11.27-08.29.59:130][  0]LogAudioCaptureCore: Display: No Audio Capture implementations found. Audio input will be silent.
[2020.11.27-08.29.59:130][  0]LogAudioCaptureCore: Display: No Audio Capture implementations found. Audio input will be silent.
[2020.11.27-08.29.59:176][  0]LogOcInput: OculusInput pre-init called
[2020.11.27-08.29.59:385][  0]LogEngine: Initializing Engine...
[2020.11.27-08.29.59:386][  0]LogHMD: Oculus plugin initialized. Version: 4.25.4-14469661+++UE4+Release-4.25, OVRPlugin: 1.44.0
[2020.11.27-08.29.59:387][  0]LogStats: UGameplayTagsManager::InitializeManager -  0.000 s
[2020.11.27-08.29.59:484][  0]LogInit: Initializing FReadOnlyCVARCache
[2020.11.27-08.29.59:491][  0]LogAIModule: Creating AISystem for world Untitled
[2020.11.27-08.29.59:491][  0]LogAISub: UAISubsystem::UAISubsystem EnvQueryManager (0000028325A38800), frame # 0
[2020.11.27-08.29.59:491][  0]LogAISub: UAISubsystem::UAISubsystem AIPerceptionSystem (0000028325A35BC0), frame # 0
[2020.11.27-08.29.59:502][  0]LogAudioMixer: Display: Audio Mixer Platform Settings:
[2020.11.27-08.29.59:502][  0]LogAudioMixer: Display: 	Sample Rate:						  48000
[2020.11.27-08.29.59:502][  0]LogAudioMixer: Display: 	Callback Buffer Frame Size Requested: 1024
[2020.11.27-08.29.59:502][  0]LogAudioMixer: Display: 	Callback Buffer Frame Size To Use:	  1024
[2020.11.27-08.29.59:502][  0]LogAudioMixer: Display: 	Number of buffers to queue:			  2
[2020.11.27-08.29.59:502][  0]LogAudioMixer: Display: 	Max Channels (voices):				  32
[2020.11.27-08.29.59:502][  0]LogAudioMixer: Display: 	Number of Async Source Workers:		  0
[2020.11.27-08.29.59:502][  0]LogAudio: Display: AudioDevice MaxSources: 32
[2020.11.27-08.29.59:502][  0]LogAudio: Display: Using built-in audio occlusion.
[2020.11.27-08.29.59:502][  0]LogAudioMixer: Display: Initializing audio mixer.
[2020.11.27-08.29.59:518][  0]LogAudioMixer: Display: 0: FrontLeft
[2020.11.27-08.29.59:518][  0]LogAudioMixer: Display: 1: FrontRight
[2020.11.27-08.29.59:555][  0]LogAudioMixer: Display: Using Audio Device Casque pour téléphone (Arctis Pro Wireless Chat)
[2020.11.27-08.29.59:557][  0]LogAudioMixer: Display: Initializing Sound Submixes...
[2020.11.27-08.29.59:559][  0]LogAudioMixer: Display: Creating Master Submix 'MasterSubmixDefault'
[2020.11.27-08.29.59:559][  0]LogAudioMixer: Display: Creating Master Submix 'MasterReverbSubmixDefault'
[2020.11.27-08.29.59:560][  0]LogAudioMixer: Display: Creating Master Submix 'MasterEQSubmixDefault'
[2020.11.27-08.29.59:560][  0]LogInit: FAudioDevice initialized.
[2020.11.27-08.29.59:560][  0]LogNetVersion: Set ProjectVersion to 1.0.0.0. Version Checksum will be recalculated on next use.
[2020.11.27-08.29.59:640][  0]LogDerivedDataCache: Saved boot cache 0.08s 79MB C:/Users/EneriXam/AppData/Local/UnrealEngine/4.25/DerivedDataCache/Boot.ddc.
[2020.11.27-08.29.59:645][  0]LogInit: Texture streaming: Enabled
[2020.11.27-08.29.59:659][  0]LogEngineSessionManager: EngineSessionManager initialized
[2020.11.27-08.29.59:659][  0]LogEditorSessionSummary: Verbose: Initializing EditorSessionSummaryWriter for editor session tracking
[2020.11.27-08.29.59:661][  0]LogEditorSessionSummary: EditorSessionSummaryWriter initialized
[2020.11.27-08.29.59:717][  0]LogInit: Transaction tracking system initialized
[2020.11.27-08.29.59:737][  0]BlueprintLog: New page: Editor Load
[2020.11.27-08.29.59:801][  0]LocalizationService: Localization service is disabled
[2020.11.27-08.29.59:926][  0]LogCook: Display: Max memory allowance for cook 16384mb min free memory 0mb
[2020.11.27-08.29.59:926][  0]LogCook: Display: Mobile HDR setting 1
[2020.11.27-08.30.00:036][  0]LogFileCache: Scanning file cache for directory 'Z:/Travail/Game dev/OiraAmataProject/OiraAmata/Content/' took 0.00s
[2020.11.27-08.30.00:193][  0]SourceControl: Source control is disabled
[2020.11.27-08.30.00:193][  0]LogUnrealEdMisc: Loading editor; pre map load, took 5.388
[2020.11.27-08.30.00:193][  0]Cmd: MAP LOAD FILE="../../../Engine/Content/Maps/Templates/Template_Default.umap" TEMPLATE=1 SHOWPROGRESS=1 FEATURELEVEL=3
[2020.11.27-08.30.00:193][  0]LightingResults: New page: Lighting Build
[2020.11.27-08.30.00:194][  0]LogWorld: UWorld::CleanupWorld for Untitled, bSessionEnded=true, bCleanupResources=true
[2020.11.27-08.30.00:194][  0]LogSlate: InvalidateAllWidgets triggered.  All widgets were invalidated
[2020.11.27-08.30.00:194][  0]MapCheck: New page: Map Check
[2020.11.27-08.30.00:194][  0]LightingResults: New page: Lighting Build
[2020.11.27-08.30.00:225][  0]LogAISub: UAISubsystem::~UAISubsystem EnvQueryManager (0000028325A38800), frame # 0
[2020.11.27-08.30.00:225][  0]LogAISub: UAISubsystem::~UAISubsystem AIPerceptionSystem (0000028325A35BC0), frame # 0
[2020.11.27-08.30.00:226][  0]LogUObjectHash: Compacting FUObjectHashTables data took   0.72ms
[2020.11.27-08.30.00:286][  0]LogAIModule: Creating AISystem for world Untitled_1
[2020.11.27-08.30.00:286][  0]LogAISub: UAISubsystem::UAISubsystem EnvQueryManager (000002830AFA5000), frame # 0
[2020.11.27-08.30.00:286][  0]LogAISub: UAISubsystem::UAISubsystem AIPerceptionSystem (0000028319671E40), frame # 0
[2020.11.27-08.30.00:289][  0]LogEditorServer: Finished looking for orphan Actors (0.000 secs)
[2020.11.27-08.30.00:300][  0]LogUObjectHash: Compacting FUObjectHashTables data took   0.81ms
[2020.11.27-08.30.00:301][  0]Cmd: MAP CHECKDEP NOCLEARLOG
[2020.11.27-08.30.00:301][  0]MapCheck: Map check complete: 0 Error(s), 0 Warning(s), took 0,123ms to complete.
[2020.11.27-08.30.00:301][  0]LogFileHelpers: Loading map 'Template_Default' took 0.107
[2020.11.27-08.30.00:303][  0]LogUnrealEdMisc: Total Editor Startup Time, took 5.496
[2020.11.27-08.30.00:439][  0]LogSlate: Updating window title bar state: overlay mode, drag disabled, window buttons hidden, title bar hidden
[2020.11.27-08.30.00:445][  0]LogSlate: Updating window title bar state: overlay mode, drag disabled, window buttons hidden, title bar hidden
[2020.11.27-08.30.00:452][  0]LogSlate: Updating window title bar state: overlay mode, drag disabled, window buttons hidden, title bar hidden
[2020.11.27-08.30.00:459][  0]LogSlate: Updating window title bar state: overlay mode, drag disabled, window buttons hidden, title bar hidden
[2020.11.27-08.30.00:464][  0]LogCollectionManager: Loaded 0 collections in 0.000694 seconds
[2020.11.27-08.30.00:478][  0]LogFileCache: Scanning file cache for directory 'Z:/Travail/Game dev/OiraAmataProject/OiraAmata/Saved/Collections/' took 0.00s
[2020.11.27-08.30.00:478][  0]LogFileCache: Scanning file cache for directory 'Z:/Travail/Game dev/OiraAmataProject/OiraAmata/Content/Developers/EneriXam/Collections/' took 0.00s
[2020.11.27-08.30.00:478][  0]LogFileCache: Scanning file cache for directory 'Z:/Travail/Game dev/OiraAmataProject/OiraAmata/Content/Collections/' took 0.00s
[2020.11.27-08.30.00:478][  0]LogContentBrowser: Native class hierarchy populated in 0.0098 seconds. Added 3428 classes and 823 folders.
[2020.11.27-08.30.00:483][  0]LogContentBrowser: Native class hierarchy updated for 'WidgetCarousel' in 0.0003 seconds. Added 0 classes and 0 folders.
[2020.11.27-08.30.00:515][  0]LogContentBrowser: Native class hierarchy updated for 'AddContentDialog' in 0.0004 seconds. Added 0 classes and 0 folders.
[2020.11.27-08.30.00:515][  0]LogSlate: The tab "/Game/Tool/WT_ListOfActors.WT_ListOfActors_ActiveTab" attempted to spawn but failed for some reason. It will not be displayed but it will still be saved in the layout settings file.
[2020.11.27-08.30.00:516][  0]LogContentBrowser: Native class hierarchy updated for 'SceneOutliner' in 0.0002 seconds. Added 2 classes and 0 folders.
[2020.11.27-08.30.00:586][  0]LogSlate: Took 0.000131 seconds to synchronously load lazily loaded font '../../../Engine/Content/Slate/Fonts/Roboto-Regular.ttf' (155K)
[2020.11.27-08.30.00:588][  0]LogSlate: Took 0.000091 seconds to synchronously load lazily loaded font '../../../Engine/Content/Slate/Fonts/Roboto-Bold.ttf' (160K)
[2020.11.27-08.30.00:592][  0]LogSlate: Took 0.000100 seconds to synchronously load lazily loaded font '../../../Engine/Content/Editor/Slate/Fonts/FontAwesome.ttf' (139K)
[2020.11.27-08.30.00:649][  0]LogRenderer: Reallocating scene render targets to support 1080x556 Format 10 NumSamples 1 (Frame:1).
[2020.11.27-08.30.00:726][  0]LogContentBrowser: Native class hierarchy updated for 'HierarchicalLODOutliner' in 0.0003 seconds. Added 0 classes and 0 folders.
[2020.11.27-08.30.00:726][  0]LogLoad: (Engine Initialization) Total time: 5.92 seconds
[2020.11.27-08.30.00:726][  0]LogLoad: (Engine Initialization) Total Blueprint compile time: 0.00 seconds
[2020.11.27-08.30.00:740][  0]LogOcInput: OculusInput is initialized
[2020.11.27-08.30.00:763][  0]LogAssetRegistry: Asset discovery search completed in 3.0510 seconds
[2020.11.27-08.30.00:767][  0]LogCollectionManager: Fixed up redirectors for 0 collections in 0.000002 seconds (updated 0 objects)
[2020.11.27-08.30.00:768][  0]LogContentStreaming: Texture pool size now 1000 MB
[2020.11.27-08.30.00:811][  0]LogSlate: Took 0.000088 seconds to synchronously load lazily loaded font '../../../Engine/Content/Slate/Fonts/Roboto-Light.ttf' (167K)
[2020.11.27-08.31.09:200][174]LogSlate: Took 0.000145 seconds to synchronously load lazily loaded font '../../../Engine/Content/Slate/Fonts/Roboto-Light.ttf' (167K)
[2020.11.27-08.31.09:730][174]LogAssetEditorSubsystem: Opening Asset editor for World /Game/Maps/IntroBeach.IntroBeach
[2020.11.27-08.31.09:813][174]LogUObjectHash: Compacting FUObjectHashTables data took   1.14ms
[2020.11.27-08.31.09:814][174]Cmd: MAP LOAD FILE="../../../../../Travail/Game dev/OiraAmataProject/OiraAmata/Content/Maps/IntroBeach.umap" TEMPLATE=0 SHOWPROGRESS=1 FEATURELEVEL=3
[2020.11.27-08.31.09:814][174]LightingResults: New page: Lighting Build
[2020.11.27-08.31.09:815][174]LoadErrors: New page: Loading map: IntroBeach.umap
[2020.11.27-08.31.09:853][174]LogWorld: UWorld::CleanupWorld for Untitled_1, bSessionEnded=true, bCleanupResources=true
[2020.11.27-08.31.09:853][174]LogSlate: InvalidateAllWidgets triggered.  All widgets were invalidated
[2020.11.27-08.31.09:853][174]MapCheck: New page: Map Check
[2020.11.27-08.31.09:853][174]LightingResults: New page: Lighting Build
[2020.11.27-08.31.09:864][174]LogAISub: UAISubsystem::~UAISubsystem EnvQueryManager (000002830AFA5000), frame # 4174
[2020.11.27-08.31.09:865][174]LogAISub: UAISubsystem::~UAISubsystem AIPerceptionSystem (0000028319671E40), frame # 4174
[2020.11.27-08.31.09:866][174]LogUObjectHash: Compacting FUObjectHashTables data took   0.90ms
[2020.11.27-08.31.10:396][174]LogEditorServer: Finished looking for orphan Actors (0.000 secs)
[2020.11.27-08.31.10:396][174]LogAIModule: Creating AISystem for world IntroBeach
[2020.11.27-08.31.10:396][174]LogAISub: UAISubsystem::UAISubsystem EnvQueryManager (00000283513FA600), frame # 4174
[2020.11.27-08.31.10:396][174]LogAISub: UAISubsystem::UAISubsystem AIPerceptionSystem (0000028330AA7B00), frame # 4174
[2020.11.27-08.31.10:746][174]LogUObjectHash: Compacting FUObjectHashTables data took   0.93ms
[2020.11.27-08.31.10:785][174]Cmd: MAP CHECKDEP NOCLEARLOG
[2020.11.27-08.31.10:785][174]MapCheck: Map check complete: 0 Error(s), 0 Warning(s), took 0,112ms to complete.
[2020.11.27-08.31.10:785][174]LogFileHelpers: Loading map 'IntroBeach' took 0.970
[2020.11.27-08.31.11:122][176]LogSlate: Took 0.001227 seconds to synchronously load lazily loaded font '../../../Engine/Content/Slate/Fonts/DroidSansFallback.ttf' (3848K)
[2020.11.27-08.31.11:122][176]LogSlate: Last resort fallback font was requested. Font: '../../../Engine/Content/Slate/Fonts/DroidSansFallback.ttf', Character: '  (U+202f)'
[2020.11.27-08.31.11:125][176]LogSlate: Took 0.001846 seconds to synchronously load lazily loaded font '../../../Engine/Content/SlateDebug/Fonts/LastResort.ttf' (5269K)
[2020.11.27-08.31.14:781][593]LogEditorViewport: Clicking on Actor (LMB): PlayerStart (NetworkPlayerStart)
[2020.11.27-08.32.16:220][787]LogAssetEditorSubsystem: Opening Asset editor for Blueprint /Game/VirtualRealityBP/Blueprints/BP_MotionController.BP_MotionController
[2020.11.27-08.32.16:394][787]LogContentBrowser: Native class hierarchy updated for 'BlueprintGraph' in 0.0007 seconds. Added 125 classes and 0 folders.
[2020.11.27-08.32.17:301][787]LogSlate: Took 0.000172 seconds to synchronously load lazily loaded font '../../../Engine/Content/Slate/Fonts/Roboto-BoldCondensed.ttf' (158K)
[2020.11.27-08.32.18:948][910]LogSlate: Took 0.000162 seconds to synchronously load lazily loaded font '../../../Engine/Content/Slate/Fonts/Roboto-Italic.ttf' (157K)
[2020.11.27-08.33.00:020][259]LogAssetEditorSubsystem: Opening Asset editor for Blueprint /Game/VirtualRealityBP/Blueprints/HMDLocomotionPawn.HMDLocomotionPawn
[2020.11.27-08.33.10:226][ 57]LogAssetEditorSubsystem: Opening Asset editor for Blueprint /Game/VirtualRealityBP/Blueprints/MotionControllerPawn.MotionControllerPawn
[2020.11.27-08.36.35:026][527]BlueprintLog: New page: Compile MotionControllerPawn
[2020.11.27-08.36.35:102][527]LogUObjectHash: Compacting FUObjectHashTables data took   2.46ms
[2020.11.27-08.36.35:241][527]LogSlate: Took 0.000132 seconds to synchronously load lazily loaded font '../../../Engine/Content/Slate/Fonts/DroidSansMono.ttf' (77K)
[2020.11.27-08.36.35:696][557]LogSavePackage: Moving '../../../../../Travail/Game dev/OiraAmataProject/OiraAmata/Saved/MotionControllerPawn46B52F7047C82B52F0413AA4050638BD.tmp' to '../../../../../Travail/Game dev/OiraAmataProject/OiraAmata/Content/VirtualRealityBP/Blueprints/MotionControllerPawn.uasset'
[2020.11.27-08.36.35:714][557]AssetCheck: New page: Asset Save: MotionControllerPawn
[2020.11.27-08.36.35:714][557]LogContentValidation: Display: Validating Blueprint /Game/VirtualRealityBP/Blueprints/MotionControllerPawn.MotionControllerPawn
[2020.11.27-08.41.09:623][527]LogUObjectHash: Compacting FUObjectHashTables data took   2.65ms
[2020.11.27-08.41.10:477][527]LogSavePackage: Moving '../../../../../Travail/Game dev/OiraAmataProject/OiraAmata/Saved/IntroBeach_Auto17440937344FCCF353FDDEC9C1A0ABF8A.tmp' to '../../../../../Travail/Game dev/OiraAmataProject/OiraAmata/Saved/Autosaves/Game/Maps/IntroBeach_Auto1.umap'
[2020.11.27-08.41.10:479][527]LogFileHelpers: Editor autosave (incl. sublevels) for '/Game/Maps/IntroBeach' took 0.884
[2020.11.27-08.41.10:479][527]LogFileHelpers: Editor autosave (incl. sublevels) for all levels took 0.884
[2020.11.27-08.41.10:479][527]OBJ SavePackage: Generating thumbnails for [1] asset(s) in package [/Game/VirtualRealityBP/Blueprints/BP_MotionController] ([1] browsable assets)...
[2020.11.27-08.41.10:489][527]OBJ SavePackage:     Rendered thumbnail for [Blueprint /Game/VirtualRealityBP/Blueprints/BP_MotionController.BP_MotionController]
[2020.11.27-08.41.10:489][527]OBJ SavePackage: Finished generating thumbnails for package [/Game/VirtualRealityBP/Blueprints/BP_MotionController]
[2020.11.27-08.41.10:600][527]LogSavePackage: Moving '../../../../../Travail/Game dev/OiraAmataProject/OiraAmata/Saved/BP_MotionController_Auto116B8717D4CCD1A54CD2B1FB248D63BCF.tmp' to '../../../../../Travail/Game dev/OiraAmataProject/OiraAmata/Saved/Autosaves/Game/VirtualRealityBP/Blueprints/BP_MotionController_Auto1.uasset'
[2020.11.27-08.41.10:600][527]LogFileHelpers: Auto-saving content packages took 0.121
[2020.11.27-08.43.27:945][194]LogRenderer: Reallocating scene render targets to support 1080x600 Format 10 NumSamples 1 (Frame:1).
[2020.11.27-08.44.22:677][396]LogSavePackage: Moving '../../../../../Travail/Game dev/OiraAmataProject/OiraAmata/Saved/BP_MotionControllerB30615624E9E19ECA9DF01A42A688D44.tmp' to '../../../../../Travail/Game dev/OiraAmataProject/OiraAmata/Content/VirtualRealityBP/Blueprints/BP_MotionController.uasset'
[2020.11.27-08.44.22:696][396]AssetCheck: New page: Asset Save: BP_MotionController
[2020.11.27-08.44.22:696][396]LogContentValidation: Display: Validating Blueprint /Game/VirtualRealityBP/Blueprints/BP_MotionController.BP_MotionController
[2020.11.27-08.45.47:332][436]LogAssetEditorSubsystem: Opening Asset editor for Blueprint /Game/Blueprints/Interfaces/BP_ClimbingInterface.BP_ClimbingInterface
[2020.11.27-08.47.59:710][869]LogSavePackage: Moving '../../../../../Travail/Game dev/OiraAmataProject/OiraAmata/Saved/BP_MotionController81CA02BA47BEC88E501F6086D2689B45.tmp' to '../../../../../Travail/Game dev/OiraAmataProject/OiraAmata/Content/VirtualRealityBP/Blueprints/BP_MotionController.uasset'
[2020.11.27-08.47.59:724][869]AssetCheck: New page: Asset Save: BP_MotionController
[2020.11.27-08.47.59:725][869]LogContentValidation: Display: Validating Blueprint /Game/VirtualRealityBP/Blueprints/BP_MotionController.BP_MotionController
[2020.11.27-08.48.10:575][940]LogAssetEditorSubsystem: Opening Asset editor for Blueprint /Game/Blueprints/Bp_ClimbableComponent.Bp_ClimbableComponent
[2020.11.27-08.50.40:107][932]Cmd: OBJ SAVEPACKAGE PACKAGE="/Game/Blueprints/Bp_ClimbableComponent" FILE="../../../../../Travail/Game dev/OiraAmataProject/OiraAmata/Content/Blueprints/Bp_ClimbableComponent.uasset" SILENT=true
[2020.11.27-08.50.40:149][932]LogSavePackage: Moving '../../../../../Travail/Game dev/OiraAmataProject/OiraAmata/Saved/Bp_ClimbableComponent14F8B31E415BA7DCFA2EC092F0EE9A2A.tmp' to '../../../../../Travail/Game dev/OiraAmataProject/OiraAmata/Content/Blueprints/Bp_ClimbableComponent.uasset'
[2020.11.27-08.50.40:166][932]AssetCheck: New page: Asset Save: Bp_ClimbableComponent
[2020.11.27-08.50.40:166][932]LogContentValidation: Display: Validating Blueprint /Game/Blueprints/Bp_ClimbableComponent.Bp_ClimbableComponent
[2020.11.27-08.52.00:493][453]LogUObjectHash: Compacting FUObjectHashTables data took   2.21ms
[2020.11.27-08.52.00:494][453]LogFileHelpers: Editor autosave (incl. sublevels) for '/Game/Maps/IntroBeach' took 0.031
[2020.11.27-08.52.00:494][453]OBJ SavePackage: Generating thumbnails for [0] asset(s) in package [/Game/Blueprints/Bp_ClimbableComponent] ([1] browsable assets)...
[2020.11.27-08.52.00:494][453]OBJ SavePackage: Finished generating thumbnails for package [/Game/Blueprints/Bp_ClimbableComponent]
[2020.11.27-08.52.00:527][453]LogSavePackage: Moving '../../../../../Travail/Game dev/OiraAmataProject/OiraAmata/Saved/Bp_ClimbableComponent_Auto212FD7AF447E66A17BA4BD8AAFCF664E6.tmp' to '../../../../../Travail/Game dev/OiraAmataProject/OiraAmata/Saved/Autosaves/Game/Blueprints/Bp_ClimbableComponent_Auto2.uasset'
[2020.11.27-08.52.00:528][453]LogFileHelpers: Auto-saving content packages took 0.034
[2020.11.27-09.02.00:855][ 32]LogUObjectHash: Compacting FUObjectHashTables data took   0.74ms
[2020.11.27-09.02.00:857][ 32]LogFileHelpers: Editor autosave (incl. sublevels) for '/Game/Maps/IntroBeach' took 0.030
[2020.11.27-09.02.00:857][ 32]OBJ SavePackage: Generating thumbnails for [1] asset(s) in package [/Game/Blueprints/Bp_ClimbableComponent] ([1] browsable assets)...
[2020.11.27-09.02.00:865][ 32]OBJ SavePackage:     Rendered thumbnail for [Blueprint /Game/Blueprints/Bp_ClimbableComponent.Bp_ClimbableComponent]
[2020.11.27-09.02.00:865][ 32]OBJ SavePackage: Finished generating thumbnails for package [/Game/Blueprints/Bp_ClimbableComponent]
[2020.11.27-09.02.00:906][ 32]LogSavePackage: Moving '../../../../../Travail/Game dev/OiraAmataProject/OiraAmata/Saved/Bp_ClimbableComponent_Auto3E888C2EF4931C9D75FFE45B1EF581577.tmp' to '../../../../../Travail/Game dev/OiraAmataProject/OiraAmata/Saved/Autosaves/Game/Blueprints/Bp_ClimbableComponent_Auto3.uasset'
[2020.11.27-09.02.00:907][ 32]LogFileHelpers: Auto-saving content packages took 0.050
[2020.11.27-09.02.03:347][229]BlueprintLog: New page: Compile Bp_ClimbableComponent
[2020.11.27-09.02.03:439][229]LogUObjectHash: Compacting FUObjectHashTables data took   2.26ms
[2020.11.27-09.02.04:613][312]Cmd: OBJ SAVEPACKAGE PACKAGE="/Game/Blueprints/Bp_ClimbableComponent" FILE="../../../../../Travail/Game dev/OiraAmataProject/OiraAmata/Content/Blueprints/Bp_ClimbableComponent.uasset" SILENT=true
[2020.11.27-09.02.04:648][312]LogSavePackage: Moving '../../../../../Travail/Game dev/OiraAmataProject/OiraAmata/Saved/Bp_ClimbableComponent0910DEF74089F0AC940172886ECC9C35.tmp' to '../../../../../Travail/Game dev/OiraAmataProject/OiraAmata/Content/Blueprints/Bp_ClimbableComponent.uasset'
[2020.11.27-09.02.04:659][312]AssetCheck: New page: Asset Save: Bp_ClimbableComponent
[2020.11.27-09.02.04:659][312]LogContentValidation: Display: Validating Blueprint /Game/Blueprints/Bp_ClimbableComponent.Bp_ClimbableComponent
[2020.11.27-09.02.32:672][551]LogTemp: Repeating last play command: VR Preview
[2020.11.27-09.02.32:699][551]LogPlayLevel: PlayLevel: No blueprints needed recompiling
[2020.11.27-09.02.32:699][551]LogHMD: Initializing OVRPlugin session
[2020.11.27-09.02.32:835][551]LogHMD: Allocating Oculus 3296 x 1776 rendertarget swapchain
[2020.11.27-09.02.32:837][551]PIE: New page: PIE session: IntroBeach (27 nov. 2020 à 11:02:32)
[2020.11.27-09.02.32:838][551]LogOnline: OSS: Creating online subsystem instance for: NULL
[2020.11.27-09.02.32:839][551]LogOnline: OSS: TryLoadSubsystemAndSetDefault: Loaded subsystem for module [NULL]
[2020.11.27-09.02.32:839][551]LogPlayLevel: Creating play world package: /Game/Maps/UEDPIE_0_IntroBeach
[2020.11.27-09.02.33:024][551]LogPlayLevel: PIE: StaticDuplicateObject took: (0.185106s)
[2020.11.27-09.02.33:026][551]LogAIModule: Creating AISystem for world IntroBeach
[2020.11.27-09.02.33:026][551]LogAISub: UAISubsystem::UAISubsystem EnvQueryManager (00000283DE3ABE00), frame # 111551
[2020.11.27-09.02.33:026][551]LogAISub: UAISubsystem::UAISubsystem AIPerceptionSystem (00000283DDAA3600), frame # 111551
[2020.11.27-09.02.33:026][551]LogPlayLevel: PIE: World Init took: (0.002135s)
[2020.11.27-09.02.33:026][551]LogPlayLevel: PIE: Created PIE world by copying editor world from /Game/Maps/IntroBeach.IntroBeach to /Game/Maps/UEDPIE_0_IntroBeach.IntroBeach (0.187545s)
[2020.11.27-09.02.33:062][551]LogUObjectHash: Compacting FUObjectHashTables data took   3.46ms
[2020.11.27-09.02.33:064][551]LogAudioMixer: Display: Audio Mixer Platform Settings:
[2020.11.27-09.02.33:064][551]LogAudioMixer: Display: 	Sample Rate:						  48000
[2020.11.27-09.02.33:064][551]LogAudioMixer: Display: 	Callback Buffer Frame Size Requested: 1024
[2020.11.27-09.02.33:064][551]LogAudioMixer: Display: 	Callback Buffer Frame Size To Use:	  1024
[2020.11.27-09.02.33:064][551]LogAudioMixer: Display: 	Number of buffers to queue:			  2
[2020.11.27-09.02.33:064][551]LogAudioMixer: Display: 	Max Channels (voices):				  32
[2020.11.27-09.02.33:064][551]LogAudioMixer: Display: 	Number of Async Source Workers:		  0
[2020.11.27-09.02.33:064][551]LogAudio: Display: AudioDevice MaxSources: 32
[2020.11.27-09.02.33:064][551]LogAudio: Display: Using built-in audio occlusion.
[2020.11.27-09.02.33:064][551]LogAudioMixer: Display: Initializing audio mixer.
[2020.11.27-09.02.33:069][551]LogAudioMixer: Display: 0: FrontLeft
[2020.11.27-09.02.33:069][551]LogAudioMixer: Display: 1: FrontRight
[2020.11.27-09.02.33:071][551]LogAudioMixer: Display: 0: FrontLeft
[2020.11.27-09.02.33:071][551]LogAudioMixer: Display: 1: FrontRight
[2020.11.27-09.02.33:073][551]LogAudioMixer: Display: 0: FrontLeft
[2020.11.27-09.02.33:073][551]LogAudioMixer: Display: 1: FrontRight
[2020.11.27-09.02.33:075][551]LogAudioMixer: Display: 0: FrontLeft
[2020.11.27-09.02.33:075][551]LogAudioMixer: Display: 1: FrontRight
[2020.11.27-09.02.33:077][551]LogAudioMixer: Display: 0: FrontLeft
[2020.11.27-09.02.33:077][551]LogAudioMixer: Display: 1: FrontRight
[2020.11.27-09.02.33:079][551]LogAudioMixer: Display: 0: FrontLeft
[2020.11.27-09.02.33:079][551]LogAudioMixer: Display: 1: FrontRight
[2020.11.27-09.02.33:081][551]LogAudioMixer: Display: 0: FrontLeft
[2020.11.27-09.02.33:081][551]LogAudioMixer: Display: 1: FrontRight
[2020.11.27-09.02.33:083][551]LogAudioMixer: Display: 0: FrontLeft
[2020.11.27-09.02.33:083][551]LogAudioMixer: Display: 1: FrontRight
[2020.11.27-09.02.33:085][551]LogAudioMixer: Display: 0: FrontLeft
[2020.11.27-09.02.33:085][551]LogAudioMixer: Display: 1: FrontRight
[2020.11.27-09.02.33:089][551]LogAudioMixer: Display: 0: FrontLeft
[2020.11.27-09.02.33:089][551]LogAudioMixer: Display: 1: FrontRight
[2020.11.27-09.02.33:111][551]LogAudioMixer: Display: Using Audio Device Casque pour téléphone (Arctis Pro Wireless Chat)
[2020.11.27-09.02.33:111][551]LogAudioMixer: Display: Initializing Sound Submixes...
[2020.11.27-09.02.33:111][551]LogAudioMixer: Display: Creating Master Submix 'MasterSubmixDefault'
[2020.11.27-09.02.33:111][551]LogAudioMixer: Display: Creating Master Submix 'MasterReverbSubmixDefault'
[2020.11.27-09.02.33:112][551]LogAudioMixer: Display: Creating Master Submix 'MasterEQSubmixDefault'
[2020.11.27-09.02.33:124][551]LogInit: FAudioDevice initialized.
[2020.11.27-09.02.33:135][551]LogSlate: Updating window title bar state: overlay mode, drag disabled, window buttons hidden, title bar hidden
[2020.11.27-09.02.33:184][551]LogLoad: Game class is 'GM_OiraAmataGameModeBase_C'
[2020.11.27-09.02.33:208][551]LogWorld: Bringing World /Game/Maps/UEDPIE_0_IntroBeach.IntroBeach up for play (max tick rate 0) at 2020.11.27-10.02.33
[2020.11.27-09.02.33:208][551]LogWorld: Bringing up level for play took: 0.022954
[2020.11.27-09.02.33:208][551]LogOnline: OSS: Creating online subsystem instance for: :Context_10
[2020.11.27-09.02.33:222][551]LogContentBrowser: Native class hierarchy updated for 'MovieSceneCapture' in 0.0006 seconds. Added 20 classes and 0 folders.
[2020.11.27-09.02.33:235][551]PIE: Server logged in
[2020.11.27-09.02.33:240][551]PIE: Play in editor total start time 0,544 seconds.
[2020.11.27-09.02.33:248][551]LogEngine: Changing dynamic resolution state.
[2020.11.27-09.02.33:328][551]LogRenderer: Warning: Resizing VR buffer to 3296 by 1776
[2020.11.27-09.02.33:328][551]LogRenderer: Reallocating scene render targets to support 3296x1776 Format 10 NumSamples 1 (Frame:1).
[2020.11.27-09.02.33:328][551]LogHMD: Allocating Oculus 3296 x 1776 depth rendertarget swapchain
[2020.11.27-09.02.33:770][553]LogProfilingDebugging: Allocated a 1024 x 1024 texture for HMD canvas layer
[2020.11.27-09.02.52:116][ 16]LogCharacterMovement: MotionControllerPawn_2 is stuck and failed to move! Velocity: X=-14.83 Y=-30.00 Z=0.00 Location: X=-121.96 Y=1508.29 Z=260.38 Normal: X=0.82 Y=0.58 Z=0.00 PenetrationDepth:4.195 Actor:BP_MotionController_C_1 Component:HandMesh BoneName:hand_r (0 other events since notify)
[2020.11.27-09.02.53:941][162]LogCharacterMovement: MotionControllerPawn_2 is stuck and failed to move! Velocity: X=53.57 Y=-149.38 Z=0.00 Location: X=-577.98 Y=1328.41 Z=260.37 Normal: X=-1.00 Y=-0.02 Z=0.00 PenetrationDepth:0.003 Actor:BP_MotionController_C_1 Component:HandMesh BoneName:hand_r (20 other events since notify)
[2020.11.27-09.04.21:067][117]LogSlate: Updating window title bar state: overlay mode, drag disabled, window buttons hidden, title bar hidden
[2020.11.27-09.04.21:067][117]LogWorld: BeginTearingDown for /Game/Maps/UEDPIE_0_IntroBeach
[2020.11.27-09.04.21:100][117]LogSlate: Window 'OiraAmata Preview [NetMode: Standalone] (64-bit/Windows) OculusHMD' being destroyed
[2020.11.27-09.04.21:145][117]LogWorld: UWorld::CleanupWorld for IntroBeach, bSessionEnded=true, bCleanupResources=true
[2020.11.27-09.04.21:150][117]LogSlate: InvalidateAllWidgets triggered.  All widgets were invalidated
[2020.11.27-09.04.21:161][117]LogPlayLevel: Display: Shutting down PIE online subsystems
[2020.11.27-09.04.21:167][117]LogSlate: InvalidateAllWidgets triggered.  All widgets were invalidated
[2020.11.27-09.04.21:290][117]LogAISub: UAISubsystem::~UAISubsystem EnvQueryManager (00000283DE3ABE00), frame # 120117
[2020.11.27-09.04.21:290][117]LogAISub: UAISubsystem::~UAISubsystem AIPerceptionSystem (00000283DDAA3600), frame # 120117
[2020.11.27-09.04.21:299][117]LogUObjectHash: Compacting FUObjectHashTables data took   5.17ms
[2020.11.27-09.04.21:341][118]LogPlayLevel: Display: Destroying online subsystem :Context_10
[2020.11.27-09.04.21:347][118]LogEngine: Changing dynamic resolution state.
